Classic Timing Analyzer report for D_T_JK_trigger
Fri Mar 13 12:45:50 2026
Quartus II Version 9.0 Build 235 06/17/2009 Service Pack 2 SJ Web Edition


---------------------
; Table of Contents ;
---------------------
  1. Legal Notice
  2. Timing Analyzer Summary
  3. Timing Analyzer Settings
  4. Clock Settings Summary
  5. Parallel Compilation
  6. Clock Setup: 'CLK'
  7. tsu
  8. tco
  9. th
 10. Timing Analyzer Messages



----------------
; Legal Notice ;
----------------
Copyright (C) 1991-2009 Altera Corporation
Your use of Altera Corporation's design tools, logic functions 
and other software and tools, and its AMPP partner logic 
functions, and any output files from any of the foregoing 
(including device programming or simulation files), and any 
associated documentation or information are expressly subject 
to the terms and conditions of the Altera Program License 
Subscription Agreement, Altera MegaCore Function License 
Agreement, or other applicable license agreement, including, 
without limitation, that your use is for the sole purpose of 
programming logic devices manufactured by Altera and sold by 
Altera or its authorized distributors.  Please refer to the 
applicable agreement for further details.



+---------------------------------------------------------------------------------------------------------------------------------------------------------------------------------------------------------------------------------------------------------------------------------------------------------------------------------+
; Timing Analyzer Summary                                                                                                                                                                                                                                                                                                         ;
+------------------------------+-------+---------------+------------------------------------------------+----------------------------------------------------------------------------------------+-----------------------------------------------------------------------------------------+------------+----------+--------------+
; Type                         ; Slack ; Required Time ; Actual Time                                    ; From                                                                                   ; To                                                                                      ; From Clock ; To Clock ; Failed Paths ;
+------------------------------+-------+---------------+------------------------------------------------+----------------------------------------------------------------------------------------+-----------------------------------------------------------------------------------------+------------+----------+--------------+
; Worst-case tsu               ; N/A   ; None          ; 2.743 ns                                       ; D                                                                                      ; inst                                                                                    ; --         ; C        ; 0            ;
; Worst-case tco               ; N/A   ; None          ; 17.166 ns                                      ; inst3                                                                                  ; QT                                                                                      ; CLK        ; --       ; 0            ;
; Worst-case th                ; N/A   ; None          ; 4.643 ns                                       ; K                                                                                      ; inst11                                                                                  ; --         ; CLK      ; 0            ;
; Clock Setup: 'CLK'           ; N/A   ; None          ; Restricted to 275.03 MHz ( period = 3.636 ns ) ; lpm_counter0:inst6|lpm_counter:lpm_counter_component|cntr_nth:auto_generated|safe_q[1] ; lpm_counter0:inst6|lpm_counter:lpm_counter_component|cntr_nth:auto_generated|safe_q[15] ; CLK        ; CLK      ; 0            ;
; Total number of failed paths ;       ;               ;                                                ;                                                                                        ;                                                                                         ;            ;          ; 0            ;
+------------------------------+-------+---------------+------------------------------------------------+----------------------------------------------------------------------------------------+-----------------------------------------------------------------------------------------+------------+----------+--------------+


+--------------------------------------------------------------------------------------------------------------------+
; Timing Analyzer Settings                                                                                           ;
+---------------------------------------------------------------------+--------------------+------+----+-------------+
; Option                                                              ; Setting            ; From ; To ; Entity Name ;
+---------------------------------------------------------------------+--------------------+------+----+-------------+
; Device Name                                                         ; EP1C3T144C8        ;      ;    ;             ;
; Timing Models                                                       ; Final              ;      ;    ;             ;
; Default hold multicycle                                             ; Same as Multicycle ;      ;    ;             ;
; Cut paths between unrelated clock domains                           ; On                 ;      ;    ;             ;
; Cut off read during write signal paths                              ; On                 ;      ;    ;             ;
; Cut off feedback from I/O pins                                      ; On                 ;      ;    ;             ;
; Report Combined Fast/Slow Timing                                    ; Off                ;      ;    ;             ;
; Ignore Clock Settings                                               ; Off                ;      ;    ;             ;
; Analyze latches as synchronous elements                             ; On                 ;      ;    ;             ;
; Enable Recovery/Removal analysis                                    ; Off                ;      ;    ;             ;
; Enable Clock Latency                                                ; Off                ;      ;    ;             ;
; Use TimeQuest Timing Analyzer                                       ; Off                ;      ;    ;             ;
; Minimum Core Junction Temperature                                   ; 0                  ;      ;    ;             ;
; Maximum Core Junction Temperature                                   ; 85                 ;      ;    ;             ;
; Number of source nodes to report per destination node               ; 10                 ;      ;    ;             ;
; Number of destination nodes to report                               ; 10                 ;      ;    ;             ;
; Number of paths to report                                           ; 200                ;      ;    ;             ;
; Report Minimum Timing Checks                                        ; Off                ;      ;    ;             ;
; Use Fast Timing Models                                              ; Off                ;      ;    ;             ;
; Report IO Paths Separately                                          ; Off                ;      ;    ;             ;
; Perform Multicorner Analysis                                        ; Off                ;      ;    ;             ;
; Reports the worst-case path for each clock domain and analysis      ; Off                ;      ;    ;             ;
; Removes common clock path pessimism (CCPP) during slack computation ; Off                ;      ;    ;             ;
; Output I/O Timing Endpoint                                          ; Near End           ;      ;    ;             ;
+---------------------------------------------------------------------+--------------------+------+----+-------------+


+------------------------------------------------------------------------------------------------------------------------------------------------------------------------------------+
; Clock Settings Summary                                                                                                                                                             ;
+-----------------+--------------------+----------+------------------+---------------+--------------+----------+-----------------------+---------------------+--------+--------------+
; Clock Node Name ; Clock Setting Name ; Type     ; Fmax Requirement ; Early Latency ; Late Latency ; Based on ; Multiply Base Fmax by ; Divide Base Fmax by ; Offset ; Phase offset ;
+-----------------+--------------------+----------+------------------+---------------+--------------+----------+-----------------------+---------------------+--------+--------------+
; CLK             ;                    ; User Pin ; None             ; 0.000 ns      ; 0.000 ns     ; --       ; N/A                   ; N/A                 ; N/A    ;              ;
; C               ;                    ; User Pin ; None             ; 0.000 ns      ; 0.000 ns     ; --       ; N/A                   ; N/A                 ; N/A    ;              ;
+-----------------+--------------------+----------+------------------+---------------+--------------+----------+-----------------------+---------------------+--------+--------------+


Parallel compilation was disabled, but you have multiple processors available. Enable parallel compilation to reduce compilation time.
+-------------------------------------+
; Parallel Compilation                ;
+----------------------------+--------+
; Processors                 ; Number ;
+----------------------------+--------+
; Number detected on machine ; 4      ;
; Maximum allowed            ; 1      ;
+----------------------------+--------+


+--------------------------------------------------------------------------------------------------------------------------------------------------------------------------------------------------------------------------------------------------------------------------------------------------------------------------------------------------------+
; Clock Setup: 'CLK'                                                                                                                                                                                                                                                                                                                                     ;
+-------+------------------------------------------------+-----------------------------------------------------------------------------------------+-----------------------------------------------------------------------------------------+------------+----------+-----------------------------+---------------------------+-------------------------+
; Slack ; Actual fmax (period)                           ; From                                                                                    ; To                                                                                      ; From Clock ; To Clock ; Required Setup Relationship ; Required Longest P2P Time ; Actual Longest P2P Time ;
+-------+------------------------------------------------+-----------------------------------------------------------------------------------------+-----------------------------------------------------------------------------------------+------------+----------+-----------------------------+---------------------------+-------------------------+
; N/A   ; Restricted to 275.03 MHz ( period = 3.636 ns ) ; lpm_counter0:inst6|lpm_counter:lpm_counter_component|cntr_nth:auto_generated|safe_q[1]  ; lpm_counter0:inst6|lpm_counter:lpm_counter_component|cntr_nth:auto_generated|safe_q[18] ; CLK        ; CLK      ; None                        ; None                      ; 2.610 ns                ;
; N/A   ; Restricted to 275.03 MHz ( period = 3.636 ns ) ; lpm_counter0:inst6|lpm_counter:lpm_counter_component|cntr_nth:auto_generated|safe_q[1]  ; lpm_counter0:inst6|lpm_counter:lpm_counter_component|cntr_nth:auto_generated|safe_q[17] ; CLK        ; CLK      ; None                        ; None                      ; 2.610 ns                ;
; N/A   ; Restricted to 275.03 MHz ( period = 3.636 ns ) ; lpm_counter0:inst6|lpm_counter:lpm_counter_component|cntr_nth:auto_generated|safe_q[1]  ; lpm_counter0:inst6|lpm_counter:lpm_counter_component|cntr_nth:auto_generated|safe_q[16] ; CLK        ; CLK      ; None                        ; None                      ; 2.610 ns                ;
; N/A   ; Restricted to 275.03 MHz ( period = 3.636 ns ) ; lpm_counter0:inst6|lpm_counter:lpm_counter_component|cntr_nth:auto_generated|safe_q[1]  ; lpm_counter0:inst6|lpm_counter:lpm_counter_component|cntr_nth:auto_generated|safe_q[15] ; CLK        ; CLK      ; None                        ; None                      ; 2.610 ns                ;
; N/A   ; Restricted to 275.03 MHz ( period = 3.636 ns ) ; lpm_counter0:inst6|lpm_counter:lpm_counter_component|cntr_nth:auto_generated|safe_q[2]  ; lpm_counter0:inst6|lpm_counter:lpm_counter_component|cntr_nth:auto_generated|safe_q[18] ; CLK        ; CLK      ; None                        ; None                      ; 2.536 ns                ;
; N/A   ; Restricted to 275.03 MHz ( period = 3.636 ns ) ; lpm_counter0:inst6|lpm_counter:lpm_counter_component|cntr_nth:auto_generated|safe_q[2]  ; lpm_counter0:inst6|lpm_counter:lpm_counter_component|cntr_nth:auto_generated|safe_q[17] ; CLK        ; CLK      ; None                        ; None                      ; 2.536 ns                ;
; N/A   ; Restricted to 275.03 MHz ( period = 3.636 ns ) ; lpm_counter0:inst6|lpm_counter:lpm_counter_component|cntr_nth:auto_generated|safe_q[2]  ; lpm_counter0:inst6|lpm_counter:lpm_counter_component|cntr_nth:auto_generated|safe_q[16] ; CLK        ; CLK      ; None                        ; None                      ; 2.536 ns                ;
; N/A   ; Restricted to 275.03 MHz ( period = 3.636 ns ) ; lpm_counter0:inst6|lpm_counter:lpm_counter_component|cntr_nth:auto_generated|safe_q[2]  ; lpm_counter0:inst6|lpm_counter:lpm_counter_component|cntr_nth:auto_generated|safe_q[15] ; CLK        ; CLK      ; None                        ; None                      ; 2.536 ns                ;
; N/A   ; Restricted to 275.03 MHz ( period = 3.636 ns ) ; lpm_counter0:inst6|lpm_counter:lpm_counter_component|cntr_nth:auto_generated|safe_q[1]  ; lpm_counter0:inst6|lpm_counter:lpm_counter_component|cntr_nth:auto_generated|safe_q[14] ; CLK        ; CLK      ; None                        ; None                      ; 2.533 ns                ;
; N/A   ; Restricted to 275.03 MHz ( period = 3.636 ns ) ; lpm_counter0:inst6|lpm_counter:lpm_counter_component|cntr_nth:auto_generated|safe_q[1]  ; lpm_counter0:inst6|lpm_counter:lpm_counter_component|cntr_nth:auto_generated|safe_q[13] ; CLK        ; CLK      ; None                        ; None                      ; 2.533 ns                ;
; N/A   ; Restricted to 275.03 MHz ( period = 3.636 ns ) ; lpm_counter0:inst6|lpm_counter:lpm_counter_component|cntr_nth:auto_generated|safe_q[1]  ; lpm_counter0:inst6|lpm_counter:lpm_counter_component|cntr_nth:auto_generated|safe_q[12] ; CLK        ; CLK      ; None                        ; None                      ; 2.533 ns                ;
; N/A   ; Restricted to 275.03 MHz ( period = 3.636 ns ) ; lpm_counter0:inst6|lpm_counter:lpm_counter_component|cntr_nth:auto_generated|safe_q[1]  ; lpm_counter0:inst6|lpm_counter:lpm_counter_component|cntr_nth:auto_generated|safe_q[11] ; CLK        ; CLK      ; None                        ; None                      ; 2.533 ns                ;
; N/A   ; Restricted to 275.03 MHz ( period = 3.636 ns ) ; lpm_counter0:inst6|lpm_counter:lpm_counter_component|cntr_nth:auto_generated|safe_q[1]  ; lpm_counter0:inst6|lpm_counter:lpm_counter_component|cntr_nth:auto_generated|safe_q[10] ; CLK        ; CLK      ; None                        ; None                      ; 2.533 ns                ;
; N/A   ; Restricted to 275.03 MHz ( period = 3.636 ns ) ; lpm_counter0:inst6|lpm_counter:lpm_counter_component|cntr_nth:auto_generated|safe_q[0]  ; lpm_counter0:inst6|lpm_counter:lpm_counter_component|cntr_nth:auto_generated|safe_q[18] ; CLK        ; CLK      ; None                        ; None                      ; 2.528 ns                ;
; N/A   ; Restricted to 275.03 MHz ( period = 3.636 ns ) ; lpm_counter0:inst6|lpm_counter:lpm_counter_component|cntr_nth:auto_generated|safe_q[0]  ; lpm_counter0:inst6|lpm_counter:lpm_counter_component|cntr_nth:auto_generated|safe_q[17] ; CLK        ; CLK      ; None                        ; None                      ; 2.528 ns                ;
; N/A   ; Restricted to 275.03 MHz ( period = 3.636 ns ) ; lpm_counter0:inst6|lpm_counter:lpm_counter_component|cntr_nth:auto_generated|safe_q[0]  ; lpm_counter0:inst6|lpm_counter:lpm_counter_component|cntr_nth:auto_generated|safe_q[16] ; CLK        ; CLK      ; None                        ; None                      ; 2.528 ns                ;
; N/A   ; Restricted to 275.03 MHz ( period = 3.636 ns ) ; lpm_counter0:inst6|lpm_counter:lpm_counter_component|cntr_nth:auto_generated|safe_q[0]  ; lpm_counter0:inst6|lpm_counter:lpm_counter_component|cntr_nth:auto_generated|safe_q[15] ; CLK        ; CLK      ; None                        ; None                      ; 2.528 ns                ;
; N/A   ; Restricted to 275.03 MHz ( period = 3.636 ns ) ; lpm_counter0:inst6|lpm_counter:lpm_counter_component|cntr_nth:auto_generated|safe_q[6]  ; lpm_counter0:inst6|lpm_counter:lpm_counter_component|cntr_nth:auto_generated|safe_q[18] ; CLK        ; CLK      ; None                        ; None                      ; 2.497 ns                ;
; N/A   ; Restricted to 275.03 MHz ( period = 3.636 ns ) ; lpm_counter0:inst6|lpm_counter:lpm_counter_component|cntr_nth:auto_generated|safe_q[6]  ; lpm_counter0:inst6|lpm_counter:lpm_counter_component|cntr_nth:auto_generated|safe_q[17] ; CLK        ; CLK      ; None                        ; None                      ; 2.497 ns                ;
; N/A   ; Restricted to 275.03 MHz ( period = 3.636 ns ) ; lpm_counter0:inst6|lpm_counter:lpm_counter_component|cntr_nth:auto_generated|safe_q[6]  ; lpm_counter0:inst6|lpm_counter:lpm_counter_component|cntr_nth:auto_generated|safe_q[16] ; CLK        ; CLK      ; None                        ; None                      ; 2.497 ns                ;
; N/A   ; Restricted to 275.03 MHz ( period = 3.636 ns ) ; lpm_counter0:inst6|lpm_counter:lpm_counter_component|cntr_nth:auto_generated|safe_q[6]  ; lpm_counter0:inst6|lpm_counter:lpm_counter_component|cntr_nth:auto_generated|safe_q[15] ; CLK        ; CLK      ; None                        ; None                      ; 2.497 ns                ;
; N/A   ; Restricted to 275.03 MHz ( period = 3.636 ns ) ; lpm_counter0:inst6|lpm_counter:lpm_counter_component|cntr_nth:auto_generated|safe_q[2]  ; lpm_counter0:inst6|lpm_counter:lpm_counter_component|cntr_nth:auto_generated|safe_q[14] ; CLK        ; CLK      ; None                        ; None                      ; 2.459 ns                ;
; N/A   ; Restricted to 275.03 MHz ( period = 3.636 ns ) ; lpm_counter0:inst6|lpm_counter:lpm_counter_component|cntr_nth:auto_generated|safe_q[2]  ; lpm_counter0:inst6|lpm_counter:lpm_counter_component|cntr_nth:auto_generated|safe_q[13] ; CLK        ; CLK      ; None                        ; None                      ; 2.459 ns                ;
; N/A   ; Restricted to 275.03 MHz ( period = 3.636 ns ) ; lpm_counter0:inst6|lpm_counter:lpm_counter_component|cntr_nth:auto_generated|safe_q[2]  ; lpm_counter0:inst6|lpm_counter:lpm_counter_component|cntr_nth:auto_generated|safe_q[12] ; CLK        ; CLK      ; None                        ; None                      ; 2.459 ns                ;
; N/A   ; Restricted to 275.03 MHz ( period = 3.636 ns ) ; lpm_counter0:inst6|lpm_counter:lpm_counter_component|cntr_nth:auto_generated|safe_q[2]  ; lpm_counter0:inst6|lpm_counter:lpm_counter_component|cntr_nth:auto_generated|safe_q[11] ; CLK        ; CLK      ; None                        ; None                      ; 2.459 ns                ;
; N/A   ; Restricted to 275.03 MHz ( period = 3.636 ns ) ; lpm_counter0:inst6|lpm_counter:lpm_counter_component|cntr_nth:auto_generated|safe_q[2]  ; lpm_counter0:inst6|lpm_counter:lpm_counter_component|cntr_nth:auto_generated|safe_q[10] ; CLK        ; CLK      ; None                        ; None                      ; 2.459 ns                ;
; N/A   ; Restricted to 275.03 MHz ( period = 3.636 ns ) ; lpm_counter0:inst6|lpm_counter:lpm_counter_component|cntr_nth:auto_generated|safe_q[0]  ; lpm_counter0:inst6|lpm_counter:lpm_counter_component|cntr_nth:auto_generated|safe_q[14] ; CLK        ; CLK      ; None                        ; None                      ; 2.451 ns                ;
; N/A   ; Restricted to 275.03 MHz ( period = 3.636 ns ) ; lpm_counter0:inst6|lpm_counter:lpm_counter_component|cntr_nth:auto_generated|safe_q[0]  ; lpm_counter0:inst6|lpm_counter:lpm_counter_component|cntr_nth:auto_generated|safe_q[13] ; CLK        ; CLK      ; None                        ; None                      ; 2.451 ns                ;
; N/A   ; Restricted to 275.03 MHz ( period = 3.636 ns ) ; lpm_counter0:inst6|lpm_counter:lpm_counter_component|cntr_nth:auto_generated|safe_q[0]  ; lpm_counter0:inst6|lpm_counter:lpm_counter_component|cntr_nth:auto_generated|safe_q[12] ; CLK        ; CLK      ; None                        ; None                      ; 2.451 ns                ;
; N/A   ; Restricted to 275.03 MHz ( period = 3.636 ns ) ; lpm_counter0:inst6|lpm_counter:lpm_counter_component|cntr_nth:auto_generated|safe_q[0]  ; lpm_counter0:inst6|lpm_counter:lpm_counter_component|cntr_nth:auto_generated|safe_q[11] ; CLK        ; CLK      ; None                        ; None                      ; 2.451 ns                ;
; N/A   ; Restricted to 275.03 MHz ( period = 3.636 ns ) ; lpm_counter0:inst6|lpm_counter:lpm_counter_component|cntr_nth:auto_generated|safe_q[0]  ; lpm_counter0:inst6|lpm_counter:lpm_counter_component|cntr_nth:auto_generated|safe_q[10] ; CLK        ; CLK      ; None                        ; None                      ; 2.451 ns                ;
; N/A   ; Restricted to 275.03 MHz ( period = 3.636 ns ) ; lpm_counter0:inst6|lpm_counter:lpm_counter_component|cntr_nth:auto_generated|safe_q[7]  ; lpm_counter0:inst6|lpm_counter:lpm_counter_component|cntr_nth:auto_generated|safe_q[18] ; CLK        ; CLK      ; None                        ; None                      ; 2.422 ns                ;
; N/A   ; Restricted to 275.03 MHz ( period = 3.636 ns ) ; lpm_counter0:inst6|lpm_counter:lpm_counter_component|cntr_nth:auto_generated|safe_q[7]  ; lpm_counter0:inst6|lpm_counter:lpm_counter_component|cntr_nth:auto_generated|safe_q[17] ; CLK        ; CLK      ; None                        ; None                      ; 2.422 ns                ;
; N/A   ; Restricted to 275.03 MHz ( period = 3.636 ns ) ; lpm_counter0:inst6|lpm_counter:lpm_counter_component|cntr_nth:auto_generated|safe_q[7]  ; lpm_counter0:inst6|lpm_counter:lpm_counter_component|cntr_nth:auto_generated|safe_q[16] ; CLK        ; CLK      ; None                        ; None                      ; 2.422 ns                ;
; N/A   ; Restricted to 275.03 MHz ( period = 3.636 ns ) ; lpm_counter0:inst6|lpm_counter:lpm_counter_component|cntr_nth:auto_generated|safe_q[7]  ; lpm_counter0:inst6|lpm_counter:lpm_counter_component|cntr_nth:auto_generated|safe_q[15] ; CLK        ; CLK      ; None                        ; None                      ; 2.422 ns                ;
; N/A   ; Restricted to 275.03 MHz ( period = 3.636 ns ) ; lpm_counter0:inst6|lpm_counter:lpm_counter_component|cntr_nth:auto_generated|safe_q[6]  ; lpm_counter0:inst6|lpm_counter:lpm_counter_component|cntr_nth:auto_generated|safe_q[14] ; CLK        ; CLK      ; None                        ; None                      ; 2.420 ns                ;
; N/A   ; Restricted to 275.03 MHz ( period = 3.636 ns ) ; lpm_counter0:inst6|lpm_counter:lpm_counter_component|cntr_nth:auto_generated|safe_q[6]  ; lpm_counter0:inst6|lpm_counter:lpm_counter_component|cntr_nth:auto_generated|safe_q[13] ; CLK        ; CLK      ; None                        ; None                      ; 2.420 ns                ;
; N/A   ; Restricted to 275.03 MHz ( period = 3.636 ns ) ; lpm_counter0:inst6|lpm_counter:lpm_counter_component|cntr_nth:auto_generated|safe_q[6]  ; lpm_counter0:inst6|lpm_counter:lpm_counter_component|cntr_nth:auto_generated|safe_q[12] ; CLK        ; CLK      ; None                        ; None                      ; 2.420 ns                ;
; N/A   ; Restricted to 275.03 MHz ( period = 3.636 ns ) ; lpm_counter0:inst6|lpm_counter:lpm_counter_component|cntr_nth:auto_generated|safe_q[6]  ; lpm_counter0:inst6|lpm_counter:lpm_counter_component|cntr_nth:auto_generated|safe_q[11] ; CLK        ; CLK      ; None                        ; None                      ; 2.420 ns                ;
; N/A   ; Restricted to 275.03 MHz ( period = 3.636 ns ) ; lpm_counter0:inst6|lpm_counter:lpm_counter_component|cntr_nth:auto_generated|safe_q[6]  ; lpm_counter0:inst6|lpm_counter:lpm_counter_component|cntr_nth:auto_generated|safe_q[10] ; CLK        ; CLK      ; None                        ; None                      ; 2.420 ns                ;
; N/A   ; Restricted to 275.03 MHz ( period = 3.636 ns ) ; lpm_counter0:inst6|lpm_counter:lpm_counter_component|cntr_nth:auto_generated|safe_q[5]  ; lpm_counter0:inst6|lpm_counter:lpm_counter_component|cntr_nth:auto_generated|safe_q[18] ; CLK        ; CLK      ; None                        ; None                      ; 2.415 ns                ;
; N/A   ; Restricted to 275.03 MHz ( period = 3.636 ns ) ; lpm_counter0:inst6|lpm_counter:lpm_counter_component|cntr_nth:auto_generated|safe_q[5]  ; lpm_counter0:inst6|lpm_counter:lpm_counter_component|cntr_nth:auto_generated|safe_q[17] ; CLK        ; CLK      ; None                        ; None                      ; 2.415 ns                ;
; N/A   ; Restricted to 275.03 MHz ( period = 3.636 ns ) ; lpm_counter0:inst6|lpm_counter:lpm_counter_component|cntr_nth:auto_generated|safe_q[5]  ; lpm_counter0:inst6|lpm_counter:lpm_counter_component|cntr_nth:auto_generated|safe_q[16] ; CLK        ; CLK      ; None                        ; None                      ; 2.415 ns                ;
; N/A   ; Restricted to 275.03 MHz ( period = 3.636 ns ) ; lpm_counter0:inst6|lpm_counter:lpm_counter_component|cntr_nth:auto_generated|safe_q[5]  ; lpm_counter0:inst6|lpm_counter:lpm_counter_component|cntr_nth:auto_generated|safe_q[15] ; CLK        ; CLK      ; None                        ; None                      ; 2.415 ns                ;
; N/A   ; Restricted to 275.03 MHz ( period = 3.636 ns ) ; lpm_counter0:inst6|lpm_counter:lpm_counter_component|cntr_nth:auto_generated|safe_q[9]  ; lpm_counter0:inst6|lpm_counter:lpm_counter_component|cntr_nth:auto_generated|safe_q[18] ; CLK        ; CLK      ; None                        ; None                      ; 2.348 ns                ;
; N/A   ; Restricted to 275.03 MHz ( period = 3.636 ns ) ; lpm_counter0:inst6|lpm_counter:lpm_counter_component|cntr_nth:auto_generated|safe_q[9]  ; lpm_counter0:inst6|lpm_counter:lpm_counter_component|cntr_nth:auto_generated|safe_q[17] ; CLK        ; CLK      ; None                        ; None                      ; 2.348 ns                ;
; N/A   ; Restricted to 275.03 MHz ( period = 3.636 ns ) ; lpm_counter0:inst6|lpm_counter:lpm_counter_component|cntr_nth:auto_generated|safe_q[9]  ; lpm_counter0:inst6|lpm_counter:lpm_counter_component|cntr_nth:auto_generated|safe_q[16] ; CLK        ; CLK      ; None                        ; None                      ; 2.348 ns                ;
; N/A   ; Restricted to 275.03 MHz ( period = 3.636 ns ) ; lpm_counter0:inst6|lpm_counter:lpm_counter_component|cntr_nth:auto_generated|safe_q[9]  ; lpm_counter0:inst6|lpm_counter:lpm_counter_component|cntr_nth:auto_generated|safe_q[15] ; CLK        ; CLK      ; None                        ; None                      ; 2.348 ns                ;
; N/A   ; Restricted to 275.03 MHz ( period = 3.636 ns ) ; lpm_counter0:inst6|lpm_counter:lpm_counter_component|cntr_nth:auto_generated|safe_q[7]  ; lpm_counter0:inst6|lpm_counter:lpm_counter_component|cntr_nth:auto_generated|safe_q[14] ; CLK        ; CLK      ; None                        ; None                      ; 2.345 ns                ;
; N/A   ; Restricted to 275.03 MHz ( period = 3.636 ns ) ; lpm_counter0:inst6|lpm_counter:lpm_counter_component|cntr_nth:auto_generated|safe_q[7]  ; lpm_counter0:inst6|lpm_counter:lpm_counter_component|cntr_nth:auto_generated|safe_q[13] ; CLK        ; CLK      ; None                        ; None                      ; 2.345 ns                ;
; N/A   ; Restricted to 275.03 MHz ( period = 3.636 ns ) ; lpm_counter0:inst6|lpm_counter:lpm_counter_component|cntr_nth:auto_generated|safe_q[7]  ; lpm_counter0:inst6|lpm_counter:lpm_counter_component|cntr_nth:auto_generated|safe_q[12] ; CLK        ; CLK      ; None                        ; None                      ; 2.345 ns                ;
; N/A   ; Restricted to 275.03 MHz ( period = 3.636 ns ) ; lpm_counter0:inst6|lpm_counter:lpm_counter_component|cntr_nth:auto_generated|safe_q[7]  ; lpm_counter0:inst6|lpm_counter:lpm_counter_component|cntr_nth:auto_generated|safe_q[11] ; CLK        ; CLK      ; None                        ; None                      ; 2.345 ns                ;
; N/A   ; Restricted to 275.03 MHz ( period = 3.636 ns ) ; lpm_counter0:inst6|lpm_counter:lpm_counter_component|cntr_nth:auto_generated|safe_q[7]  ; lpm_counter0:inst6|lpm_counter:lpm_counter_component|cntr_nth:auto_generated|safe_q[10] ; CLK        ; CLK      ; None                        ; None                      ; 2.345 ns                ;
; N/A   ; Restricted to 275.03 MHz ( period = 3.636 ns ) ; lpm_counter0:inst6|lpm_counter:lpm_counter_component|cntr_nth:auto_generated|safe_q[5]  ; lpm_counter0:inst6|lpm_counter:lpm_counter_component|cntr_nth:auto_generated|safe_q[14] ; CLK        ; CLK      ; None                        ; None                      ; 2.338 ns                ;
; N/A   ; Restricted to 275.03 MHz ( period = 3.636 ns ) ; lpm_counter0:inst6|lpm_counter:lpm_counter_component|cntr_nth:auto_generated|safe_q[5]  ; lpm_counter0:inst6|lpm_counter:lpm_counter_component|cntr_nth:auto_generated|safe_q[13] ; CLK        ; CLK      ; None                        ; None                      ; 2.338 ns                ;
; N/A   ; Restricted to 275.03 MHz ( period = 3.636 ns ) ; lpm_counter0:inst6|lpm_counter:lpm_counter_component|cntr_nth:auto_generated|safe_q[5]  ; lpm_counter0:inst6|lpm_counter:lpm_counter_component|cntr_nth:auto_generated|safe_q[12] ; CLK        ; CLK      ; None                        ; None                      ; 2.338 ns                ;
; N/A   ; Restricted to 275.03 MHz ( period = 3.636 ns ) ; lpm_counter0:inst6|lpm_counter:lpm_counter_component|cntr_nth:auto_generated|safe_q[5]  ; lpm_counter0:inst6|lpm_counter:lpm_counter_component|cntr_nth:auto_generated|safe_q[11] ; CLK        ; CLK      ; None                        ; None                      ; 2.338 ns                ;
; N/A   ; Restricted to 275.03 MHz ( period = 3.636 ns ) ; lpm_counter0:inst6|lpm_counter:lpm_counter_component|cntr_nth:auto_generated|safe_q[5]  ; lpm_counter0:inst6|lpm_counter:lpm_counter_component|cntr_nth:auto_generated|safe_q[10] ; CLK        ; CLK      ; None                        ; None                      ; 2.338 ns                ;
; N/A   ; Restricted to 275.03 MHz ( period = 3.636 ns ) ; lpm_counter0:inst6|lpm_counter:lpm_counter_component|cntr_nth:auto_generated|safe_q[3]  ; lpm_counter0:inst6|lpm_counter:lpm_counter_component|cntr_nth:auto_generated|safe_q[18] ; CLK        ; CLK      ; None                        ; None                      ; 2.297 ns                ;
; N/A   ; Restricted to 275.03 MHz ( period = 3.636 ns ) ; lpm_counter0:inst6|lpm_counter:lpm_counter_component|cntr_nth:auto_generated|safe_q[3]  ; lpm_counter0:inst6|lpm_counter:lpm_counter_component|cntr_nth:auto_generated|safe_q[17] ; CLK        ; CLK      ; None                        ; None                      ; 2.297 ns                ;
; N/A   ; Restricted to 275.03 MHz ( period = 3.636 ns ) ; lpm_counter0:inst6|lpm_counter:lpm_counter_component|cntr_nth:auto_generated|safe_q[3]  ; lpm_counter0:inst6|lpm_counter:lpm_counter_component|cntr_nth:auto_generated|safe_q[16] ; CLK        ; CLK      ; None                        ; None                      ; 2.297 ns                ;
; N/A   ; Restricted to 275.03 MHz ( period = 3.636 ns ) ; lpm_counter0:inst6|lpm_counter:lpm_counter_component|cntr_nth:auto_generated|safe_q[3]  ; lpm_counter0:inst6|lpm_counter:lpm_counter_component|cntr_nth:auto_generated|safe_q[15] ; CLK        ; CLK      ; None                        ; None                      ; 2.297 ns                ;
; N/A   ; Restricted to 275.03 MHz ( period = 3.636 ns ) ; lpm_counter0:inst6|lpm_counter:lpm_counter_component|cntr_nth:auto_generated|safe_q[4]  ; lpm_counter0:inst6|lpm_counter:lpm_counter_component|cntr_nth:auto_generated|safe_q[18] ; CLK        ; CLK      ; None                        ; None                      ; 2.273 ns                ;
; N/A   ; Restricted to 275.03 MHz ( period = 3.636 ns ) ; lpm_counter0:inst6|lpm_counter:lpm_counter_component|cntr_nth:auto_generated|safe_q[4]  ; lpm_counter0:inst6|lpm_counter:lpm_counter_component|cntr_nth:auto_generated|safe_q[17] ; CLK        ; CLK      ; None                        ; None                      ; 2.273 ns                ;
; N/A   ; Restricted to 275.03 MHz ( period = 3.636 ns ) ; lpm_counter0:inst6|lpm_counter:lpm_counter_component|cntr_nth:auto_generated|safe_q[4]  ; lpm_counter0:inst6|lpm_counter:lpm_counter_component|cntr_nth:auto_generated|safe_q[16] ; CLK        ; CLK      ; None                        ; None                      ; 2.273 ns                ;
; N/A   ; Restricted to 275.03 MHz ( period = 3.636 ns ) ; lpm_counter0:inst6|lpm_counter:lpm_counter_component|cntr_nth:auto_generated|safe_q[4]  ; lpm_counter0:inst6|lpm_counter:lpm_counter_component|cntr_nth:auto_generated|safe_q[15] ; CLK        ; CLK      ; None                        ; None                      ; 2.273 ns                ;
; N/A   ; Restricted to 275.03 MHz ( period = 3.636 ns ) ; lpm_counter0:inst6|lpm_counter:lpm_counter_component|cntr_nth:auto_generated|safe_q[9]  ; lpm_counter0:inst6|lpm_counter:lpm_counter_component|cntr_nth:auto_generated|safe_q[14] ; CLK        ; CLK      ; None                        ; None                      ; 2.271 ns                ;
; N/A   ; Restricted to 275.03 MHz ( period = 3.636 ns ) ; lpm_counter0:inst6|lpm_counter:lpm_counter_component|cntr_nth:auto_generated|safe_q[9]  ; lpm_counter0:inst6|lpm_counter:lpm_counter_component|cntr_nth:auto_generated|safe_q[13] ; CLK        ; CLK      ; None                        ; None                      ; 2.271 ns                ;
; N/A   ; Restricted to 275.03 MHz ( period = 3.636 ns ) ; lpm_counter0:inst6|lpm_counter:lpm_counter_component|cntr_nth:auto_generated|safe_q[9]  ; lpm_counter0:inst6|lpm_counter:lpm_counter_component|cntr_nth:auto_generated|safe_q[12] ; CLK        ; CLK      ; None                        ; None                      ; 2.271 ns                ;
; N/A   ; Restricted to 275.03 MHz ( period = 3.636 ns ) ; lpm_counter0:inst6|lpm_counter:lpm_counter_component|cntr_nth:auto_generated|safe_q[9]  ; lpm_counter0:inst6|lpm_counter:lpm_counter_component|cntr_nth:auto_generated|safe_q[11] ; CLK        ; CLK      ; None                        ; None                      ; 2.271 ns                ;
; N/A   ; Restricted to 275.03 MHz ( period = 3.636 ns ) ; lpm_counter0:inst6|lpm_counter:lpm_counter_component|cntr_nth:auto_generated|safe_q[9]  ; lpm_counter0:inst6|lpm_counter:lpm_counter_component|cntr_nth:auto_generated|safe_q[10] ; CLK        ; CLK      ; None                        ; None                      ; 2.271 ns                ;
; N/A   ; Restricted to 275.03 MHz ( period = 3.636 ns ) ; lpm_counter0:inst6|lpm_counter:lpm_counter_component|cntr_nth:auto_generated|safe_q[11] ; lpm_counter0:inst6|lpm_counter:lpm_counter_component|cntr_nth:auto_generated|safe_q[18] ; CLK        ; CLK      ; None                        ; None                      ; 2.266 ns                ;
; N/A   ; Restricted to 275.03 MHz ( period = 3.636 ns ) ; lpm_counter0:inst6|lpm_counter:lpm_counter_component|cntr_nth:auto_generated|safe_q[11] ; lpm_counter0:inst6|lpm_counter:lpm_counter_component|cntr_nth:auto_generated|safe_q[17] ; CLK        ; CLK      ; None                        ; None                      ; 2.266 ns                ;
; N/A   ; Restricted to 275.03 MHz ( period = 3.636 ns ) ; lpm_counter0:inst6|lpm_counter:lpm_counter_component|cntr_nth:auto_generated|safe_q[11] ; lpm_counter0:inst6|lpm_counter:lpm_counter_component|cntr_nth:auto_generated|safe_q[16] ; CLK        ; CLK      ; None                        ; None                      ; 2.266 ns                ;
; N/A   ; Restricted to 275.03 MHz ( period = 3.636 ns ) ; lpm_counter0:inst6|lpm_counter:lpm_counter_component|cntr_nth:auto_generated|safe_q[11] ; lpm_counter0:inst6|lpm_counter:lpm_counter_component|cntr_nth:auto_generated|safe_q[15] ; CLK        ; CLK      ; None                        ; None                      ; 2.266 ns                ;
; N/A   ; Restricted to 275.03 MHz ( period = 3.636 ns ) ; lpm_counter0:inst6|lpm_counter:lpm_counter_component|cntr_nth:auto_generated|safe_q[1]  ; lpm_counter0:inst6|lpm_counter:lpm_counter_component|cntr_nth:auto_generated|safe_q[9]  ; CLK        ; CLK      ; None                        ; None                      ; 2.266 ns                ;
; N/A   ; Restricted to 275.03 MHz ( period = 3.636 ns ) ; lpm_counter0:inst6|lpm_counter:lpm_counter_component|cntr_nth:auto_generated|safe_q[1]  ; lpm_counter0:inst6|lpm_counter:lpm_counter_component|cntr_nth:auto_generated|safe_q[8]  ; CLK        ; CLK      ; None                        ; None                      ; 2.266 ns                ;
; N/A   ; Restricted to 275.03 MHz ( period = 3.636 ns ) ; lpm_counter0:inst6|lpm_counter:lpm_counter_component|cntr_nth:auto_generated|safe_q[1]  ; lpm_counter0:inst6|lpm_counter:lpm_counter_component|cntr_nth:auto_generated|safe_q[7]  ; CLK        ; CLK      ; None                        ; None                      ; 2.266 ns                ;
; N/A   ; Restricted to 275.03 MHz ( period = 3.636 ns ) ; lpm_counter0:inst6|lpm_counter:lpm_counter_component|cntr_nth:auto_generated|safe_q[1]  ; lpm_counter0:inst6|lpm_counter:lpm_counter_component|cntr_nth:auto_generated|safe_q[6]  ; CLK        ; CLK      ; None                        ; None                      ; 2.266 ns                ;
; N/A   ; Restricted to 275.03 MHz ( period = 3.636 ns ) ; lpm_counter0:inst6|lpm_counter:lpm_counter_component|cntr_nth:auto_generated|safe_q[1]  ; lpm_counter0:inst6|lpm_counter:lpm_counter_component|cntr_nth:auto_generated|safe_q[5]  ; CLK        ; CLK      ; None                        ; None                      ; 2.266 ns                ;
; N/A   ; Restricted to 275.03 MHz ( period = 3.636 ns ) ; lpm_counter0:inst6|lpm_counter:lpm_counter_component|cntr_nth:auto_generated|safe_q[3]  ; lpm_counter0:inst6|lpm_counter:lpm_counter_component|cntr_nth:auto_generated|safe_q[14] ; CLK        ; CLK      ; None                        ; None                      ; 2.220 ns                ;
; N/A   ; Restricted to 275.03 MHz ( period = 3.636 ns ) ; lpm_counter0:inst6|lpm_counter:lpm_counter_component|cntr_nth:auto_generated|safe_q[3]  ; lpm_counter0:inst6|lpm_counter:lpm_counter_component|cntr_nth:auto_generated|safe_q[13] ; CLK        ; CLK      ; None                        ; None                      ; 2.220 ns                ;
; N/A   ; Restricted to 275.03 MHz ( period = 3.636 ns ) ; lpm_counter0:inst6|lpm_counter:lpm_counter_component|cntr_nth:auto_generated|safe_q[3]  ; lpm_counter0:inst6|lpm_counter:lpm_counter_component|cntr_nth:auto_generated|safe_q[12] ; CLK        ; CLK      ; None                        ; None                      ; 2.220 ns                ;
; N/A   ; Restricted to 275.03 MHz ( period = 3.636 ns ) ; lpm_counter0:inst6|lpm_counter:lpm_counter_component|cntr_nth:auto_generated|safe_q[3]  ; lpm_counter0:inst6|lpm_counter:lpm_counter_component|cntr_nth:auto_generated|safe_q[11] ; CLK        ; CLK      ; None                        ; None                      ; 2.220 ns                ;
; N/A   ; Restricted to 275.03 MHz ( period = 3.636 ns ) ; lpm_counter0:inst6|lpm_counter:lpm_counter_component|cntr_nth:auto_generated|safe_q[3]  ; lpm_counter0:inst6|lpm_counter:lpm_counter_component|cntr_nth:auto_generated|safe_q[10] ; CLK        ; CLK      ; None                        ; None                      ; 2.220 ns                ;
; N/A   ; Restricted to 275.03 MHz ( period = 3.636 ns ) ; lpm_counter0:inst6|lpm_counter:lpm_counter_component|cntr_nth:auto_generated|safe_q[4]  ; lpm_counter0:inst6|lpm_counter:lpm_counter_component|cntr_nth:auto_generated|safe_q[14] ; CLK        ; CLK      ; None                        ; None                      ; 2.196 ns                ;
; N/A   ; Restricted to 275.03 MHz ( period = 3.636 ns ) ; lpm_counter0:inst6|lpm_counter:lpm_counter_component|cntr_nth:auto_generated|safe_q[4]  ; lpm_counter0:inst6|lpm_counter:lpm_counter_component|cntr_nth:auto_generated|safe_q[13] ; CLK        ; CLK      ; None                        ; None                      ; 2.196 ns                ;
; N/A   ; Restricted to 275.03 MHz ( period = 3.636 ns ) ; lpm_counter0:inst6|lpm_counter:lpm_counter_component|cntr_nth:auto_generated|safe_q[4]  ; lpm_counter0:inst6|lpm_counter:lpm_counter_component|cntr_nth:auto_generated|safe_q[12] ; CLK        ; CLK      ; None                        ; None                      ; 2.196 ns                ;
; N/A   ; Restricted to 275.03 MHz ( period = 3.636 ns ) ; lpm_counter0:inst6|lpm_counter:lpm_counter_component|cntr_nth:auto_generated|safe_q[4]  ; lpm_counter0:inst6|lpm_counter:lpm_counter_component|cntr_nth:auto_generated|safe_q[11] ; CLK        ; CLK      ; None                        ; None                      ; 2.196 ns                ;
; N/A   ; Restricted to 275.03 MHz ( period = 3.636 ns ) ; lpm_counter0:inst6|lpm_counter:lpm_counter_component|cntr_nth:auto_generated|safe_q[4]  ; lpm_counter0:inst6|lpm_counter:lpm_counter_component|cntr_nth:auto_generated|safe_q[10] ; CLK        ; CLK      ; None                        ; None                      ; 2.196 ns                ;
; N/A   ; Restricted to 275.03 MHz ( period = 3.636 ns ) ; lpm_counter0:inst6|lpm_counter:lpm_counter_component|cntr_nth:auto_generated|safe_q[2]  ; lpm_counter0:inst6|lpm_counter:lpm_counter_component|cntr_nth:auto_generated|safe_q[9]  ; CLK        ; CLK      ; None                        ; None                      ; 2.192 ns                ;
; N/A   ; Restricted to 275.03 MHz ( period = 3.636 ns ) ; lpm_counter0:inst6|lpm_counter:lpm_counter_component|cntr_nth:auto_generated|safe_q[2]  ; lpm_counter0:inst6|lpm_counter:lpm_counter_component|cntr_nth:auto_generated|safe_q[8]  ; CLK        ; CLK      ; None                        ; None                      ; 2.192 ns                ;
; N/A   ; Restricted to 275.03 MHz ( period = 3.636 ns ) ; lpm_counter0:inst6|lpm_counter:lpm_counter_component|cntr_nth:auto_generated|safe_q[2]  ; lpm_counter0:inst6|lpm_counter:lpm_counter_component|cntr_nth:auto_generated|safe_q[7]  ; CLK        ; CLK      ; None                        ; None                      ; 2.192 ns                ;
; N/A   ; Restricted to 275.03 MHz ( period = 3.636 ns ) ; lpm_counter0:inst6|lpm_counter:lpm_counter_component|cntr_nth:auto_generated|safe_q[2]  ; lpm_counter0:inst6|lpm_counter:lpm_counter_component|cntr_nth:auto_generated|safe_q[6]  ; CLK        ; CLK      ; None                        ; None                      ; 2.192 ns                ;
; N/A   ; Restricted to 275.03 MHz ( period = 3.636 ns ) ; lpm_counter0:inst6|lpm_counter:lpm_counter_component|cntr_nth:auto_generated|safe_q[2]  ; lpm_counter0:inst6|lpm_counter:lpm_counter_component|cntr_nth:auto_generated|safe_q[5]  ; CLK        ; CLK      ; None                        ; None                      ; 2.192 ns                ;
; N/A   ; Restricted to 275.03 MHz ( period = 3.636 ns ) ; lpm_counter0:inst6|lpm_counter:lpm_counter_component|cntr_nth:auto_generated|safe_q[12] ; lpm_counter0:inst6|lpm_counter:lpm_counter_component|cntr_nth:auto_generated|safe_q[18] ; CLK        ; CLK      ; None                        ; None                      ; 2.188 ns                ;
; N/A   ; Restricted to 275.03 MHz ( period = 3.636 ns ) ; lpm_counter0:inst6|lpm_counter:lpm_counter_component|cntr_nth:auto_generated|safe_q[12] ; lpm_counter0:inst6|lpm_counter:lpm_counter_component|cntr_nth:auto_generated|safe_q[17] ; CLK        ; CLK      ; None                        ; None                      ; 2.188 ns                ;
; N/A   ; Restricted to 275.03 MHz ( period = 3.636 ns ) ; lpm_counter0:inst6|lpm_counter:lpm_counter_component|cntr_nth:auto_generated|safe_q[12] ; lpm_counter0:inst6|lpm_counter:lpm_counter_component|cntr_nth:auto_generated|safe_q[16] ; CLK        ; CLK      ; None                        ; None                      ; 2.188 ns                ;
; N/A   ; Restricted to 275.03 MHz ( period = 3.636 ns ) ; lpm_counter0:inst6|lpm_counter:lpm_counter_component|cntr_nth:auto_generated|safe_q[12] ; lpm_counter0:inst6|lpm_counter:lpm_counter_component|cntr_nth:auto_generated|safe_q[15] ; CLK        ; CLK      ; None                        ; None                      ; 2.188 ns                ;
; N/A   ; Restricted to 275.03 MHz ( period = 3.636 ns ) ; lpm_counter0:inst6|lpm_counter:lpm_counter_component|cntr_nth:auto_generated|safe_q[10] ; lpm_counter0:inst6|lpm_counter:lpm_counter_component|cntr_nth:auto_generated|safe_q[18] ; CLK        ; CLK      ; None                        ; None                      ; 2.184 ns                ;
; N/A   ; Restricted to 275.03 MHz ( period = 3.636 ns ) ; lpm_counter0:inst6|lpm_counter:lpm_counter_component|cntr_nth:auto_generated|safe_q[10] ; lpm_counter0:inst6|lpm_counter:lpm_counter_component|cntr_nth:auto_generated|safe_q[17] ; CLK        ; CLK      ; None                        ; None                      ; 2.184 ns                ;
; N/A   ; Restricted to 275.03 MHz ( period = 3.636 ns ) ; lpm_counter0:inst6|lpm_counter:lpm_counter_component|cntr_nth:auto_generated|safe_q[10] ; lpm_counter0:inst6|lpm_counter:lpm_counter_component|cntr_nth:auto_generated|safe_q[16] ; CLK        ; CLK      ; None                        ; None                      ; 2.184 ns                ;
; N/A   ; Restricted to 275.03 MHz ( period = 3.636 ns ) ; lpm_counter0:inst6|lpm_counter:lpm_counter_component|cntr_nth:auto_generated|safe_q[10] ; lpm_counter0:inst6|lpm_counter:lpm_counter_component|cntr_nth:auto_generated|safe_q[15] ; CLK        ; CLK      ; None                        ; None                      ; 2.184 ns                ;
; N/A   ; Restricted to 275.03 MHz ( period = 3.636 ns ) ; lpm_counter0:inst6|lpm_counter:lpm_counter_component|cntr_nth:auto_generated|safe_q[0]  ; lpm_counter0:inst6|lpm_counter:lpm_counter_component|cntr_nth:auto_generated|safe_q[9]  ; CLK        ; CLK      ; None                        ; None                      ; 2.184 ns                ;
; N/A   ; Restricted to 275.03 MHz ( period = 3.636 ns ) ; lpm_counter0:inst6|lpm_counter:lpm_counter_component|cntr_nth:auto_generated|safe_q[0]  ; lpm_counter0:inst6|lpm_counter:lpm_counter_component|cntr_nth:auto_generated|safe_q[8]  ; CLK        ; CLK      ; None                        ; None                      ; 2.184 ns                ;
; N/A   ; Restricted to 275.03 MHz ( period = 3.636 ns ) ; lpm_counter0:inst6|lpm_counter:lpm_counter_component|cntr_nth:auto_generated|safe_q[0]  ; lpm_counter0:inst6|lpm_counter:lpm_counter_component|cntr_nth:auto_generated|safe_q[7]  ; CLK        ; CLK      ; None                        ; None                      ; 2.184 ns                ;
; N/A   ; Restricted to 275.03 MHz ( period = 3.636 ns ) ; lpm_counter0:inst6|lpm_counter:lpm_counter_component|cntr_nth:auto_generated|safe_q[0]  ; lpm_counter0:inst6|lpm_counter:lpm_counter_component|cntr_nth:auto_generated|safe_q[6]  ; CLK        ; CLK      ; None                        ; None                      ; 2.184 ns                ;
; N/A   ; Restricted to 275.03 MHz ( period = 3.636 ns ) ; lpm_counter0:inst6|lpm_counter:lpm_counter_component|cntr_nth:auto_generated|safe_q[0]  ; lpm_counter0:inst6|lpm_counter:lpm_counter_component|cntr_nth:auto_generated|safe_q[5]  ; CLK        ; CLK      ; None                        ; None                      ; 2.184 ns                ;
; N/A   ; Restricted to 275.03 MHz ( period = 3.636 ns ) ; lpm_counter0:inst6|lpm_counter:lpm_counter_component|cntr_nth:auto_generated|safe_q[8]  ; lpm_counter0:inst6|lpm_counter:lpm_counter_component|cntr_nth:auto_generated|safe_q[18] ; CLK        ; CLK      ; None                        ; None                      ; 2.176 ns                ;
; N/A   ; Restricted to 275.03 MHz ( period = 3.636 ns ) ; lpm_counter0:inst6|lpm_counter:lpm_counter_component|cntr_nth:auto_generated|safe_q[8]  ; lpm_counter0:inst6|lpm_counter:lpm_counter_component|cntr_nth:auto_generated|safe_q[17] ; CLK        ; CLK      ; None                        ; None                      ; 2.176 ns                ;
; N/A   ; Restricted to 275.03 MHz ( period = 3.636 ns ) ; lpm_counter0:inst6|lpm_counter:lpm_counter_component|cntr_nth:auto_generated|safe_q[8]  ; lpm_counter0:inst6|lpm_counter:lpm_counter_component|cntr_nth:auto_generated|safe_q[16] ; CLK        ; CLK      ; None                        ; None                      ; 2.176 ns                ;
; N/A   ; Restricted to 275.03 MHz ( period = 3.636 ns ) ; lpm_counter0:inst6|lpm_counter:lpm_counter_component|cntr_nth:auto_generated|safe_q[8]  ; lpm_counter0:inst6|lpm_counter:lpm_counter_component|cntr_nth:auto_generated|safe_q[15] ; CLK        ; CLK      ; None                        ; None                      ; 2.176 ns                ;
; N/A   ; Restricted to 275.03 MHz ( period = 3.636 ns ) ; lpm_counter0:inst6|lpm_counter:lpm_counter_component|cntr_nth:auto_generated|safe_q[8]  ; lpm_counter0:inst6|lpm_counter:lpm_counter_component|cntr_nth:auto_generated|safe_q[14] ; CLK        ; CLK      ; None                        ; None                      ; 2.099 ns                ;
; N/A   ; Restricted to 275.03 MHz ( period = 3.636 ns ) ; lpm_counter0:inst6|lpm_counter:lpm_counter_component|cntr_nth:auto_generated|safe_q[8]  ; lpm_counter0:inst6|lpm_counter:lpm_counter_component|cntr_nth:auto_generated|safe_q[13] ; CLK        ; CLK      ; None                        ; None                      ; 2.099 ns                ;
; N/A   ; Restricted to 275.03 MHz ( period = 3.636 ns ) ; lpm_counter0:inst6|lpm_counter:lpm_counter_component|cntr_nth:auto_generated|safe_q[8]  ; lpm_counter0:inst6|lpm_counter:lpm_counter_component|cntr_nth:auto_generated|safe_q[12] ; CLK        ; CLK      ; None                        ; None                      ; 2.099 ns                ;
; N/A   ; Restricted to 275.03 MHz ( period = 3.636 ns ) ; lpm_counter0:inst6|lpm_counter:lpm_counter_component|cntr_nth:auto_generated|safe_q[8]  ; lpm_counter0:inst6|lpm_counter:lpm_counter_component|cntr_nth:auto_generated|safe_q[11] ; CLK        ; CLK      ; None                        ; None                      ; 2.099 ns                ;
; N/A   ; Restricted to 275.03 MHz ( period = 3.636 ns ) ; lpm_counter0:inst6|lpm_counter:lpm_counter_component|cntr_nth:auto_generated|safe_q[8]  ; lpm_counter0:inst6|lpm_counter:lpm_counter_component|cntr_nth:auto_generated|safe_q[10] ; CLK        ; CLK      ; None                        ; None                      ; 2.099 ns                ;
; N/A   ; Restricted to 275.03 MHz ( period = 3.636 ns ) ; lpm_counter0:inst6|lpm_counter:lpm_counter_component|cntr_nth:auto_generated|safe_q[11] ; lpm_counter0:inst6|lpm_counter:lpm_counter_component|cntr_nth:auto_generated|safe_q[14] ; CLK        ; CLK      ; None                        ; None                      ; 2.051 ns                ;
; N/A   ; Restricted to 275.03 MHz ( period = 3.636 ns ) ; lpm_counter0:inst6|lpm_counter:lpm_counter_component|cntr_nth:auto_generated|safe_q[6]  ; lpm_counter0:inst6|lpm_counter:lpm_counter_component|cntr_nth:auto_generated|safe_q[9]  ; CLK        ; CLK      ; None                        ; None                      ; 2.051 ns                ;
; N/A   ; Restricted to 275.03 MHz ( period = 3.636 ns ) ; lpm_counter0:inst6|lpm_counter:lpm_counter_component|cntr_nth:auto_generated|safe_q[1]  ; lpm_counter0:inst6|lpm_counter:lpm_counter_component|cntr_nth:auto_generated|safe_q[4]  ; CLK        ; CLK      ; None                        ; None                      ; 2.051 ns                ;
; N/A   ; Restricted to 275.03 MHz ( period = 3.636 ns ) ; lpm_counter0:inst6|lpm_counter:lpm_counter_component|cntr_nth:auto_generated|safe_q[7]  ; lpm_counter0:inst6|lpm_counter:lpm_counter_component|cntr_nth:auto_generated|safe_q[9]  ; CLK        ; CLK      ; None                        ; None                      ; 1.976 ns                ;
; N/A   ; Restricted to 275.03 MHz ( period = 3.636 ns ) ; lpm_counter0:inst6|lpm_counter:lpm_counter_component|cntr_nth:auto_generated|safe_q[2]  ; lpm_counter0:inst6|lpm_counter:lpm_counter_component|cntr_nth:auto_generated|safe_q[4]  ; CLK        ; CLK      ; None                        ; None                      ; 1.975 ns                ;
; N/A   ; Restricted to 275.03 MHz ( period = 3.636 ns ) ; lpm_counter0:inst6|lpm_counter:lpm_counter_component|cntr_nth:auto_generated|safe_q[16] ; lpm_counter0:inst6|lpm_counter:lpm_counter_component|cntr_nth:auto_generated|safe_q[18] ; CLK        ; CLK      ; None                        ; None                      ; 1.971 ns                ;
; N/A   ; Restricted to 275.03 MHz ( period = 3.636 ns ) ; lpm_counter0:inst6|lpm_counter:lpm_counter_component|cntr_nth:auto_generated|safe_q[12] ; lpm_counter0:inst6|lpm_counter:lpm_counter_component|cntr_nth:auto_generated|safe_q[14] ; CLK        ; CLK      ; None                        ; None                      ; 1.971 ns                ;
; N/A   ; Restricted to 275.03 MHz ( period = 3.636 ns ) ; lpm_counter0:inst6|lpm_counter:lpm_counter_component|cntr_nth:auto_generated|safe_q[11] ; lpm_counter0:inst6|lpm_counter:lpm_counter_component|cntr_nth:auto_generated|safe_q[13] ; CLK        ; CLK      ; None                        ; None                      ; 1.971 ns                ;
; N/A   ; Restricted to 275.03 MHz ( period = 3.636 ns ) ; lpm_counter0:inst6|lpm_counter:lpm_counter_component|cntr_nth:auto_generated|safe_q[6]  ; lpm_counter0:inst6|lpm_counter:lpm_counter_component|cntr_nth:auto_generated|safe_q[8]  ; CLK        ; CLK      ; None                        ; None                      ; 1.971 ns                ;
; N/A   ; Restricted to 275.03 MHz ( period = 3.636 ns ) ; lpm_counter0:inst6|lpm_counter:lpm_counter_component|cntr_nth:auto_generated|safe_q[1]  ; lpm_counter0:inst6|lpm_counter:lpm_counter_component|cntr_nth:auto_generated|safe_q[3]  ; CLK        ; CLK      ; None                        ; None                      ; 1.971 ns                ;
; N/A   ; Restricted to 275.03 MHz ( period = 3.636 ns ) ; lpm_counter0:inst6|lpm_counter:lpm_counter_component|cntr_nth:auto_generated|safe_q[10] ; lpm_counter0:inst6|lpm_counter:lpm_counter_component|cntr_nth:auto_generated|safe_q[14] ; CLK        ; CLK      ; None                        ; None                      ; 1.969 ns                ;
; N/A   ; Restricted to 275.03 MHz ( period = 3.636 ns ) ; lpm_counter0:inst6|lpm_counter:lpm_counter_component|cntr_nth:auto_generated|safe_q[5]  ; lpm_counter0:inst6|lpm_counter:lpm_counter_component|cntr_nth:auto_generated|safe_q[9]  ; CLK        ; CLK      ; None                        ; None                      ; 1.969 ns                ;
; N/A   ; Restricted to 275.03 MHz ( period = 3.636 ns ) ; lpm_counter0:inst6|lpm_counter:lpm_counter_component|cntr_nth:auto_generated|safe_q[0]  ; lpm_counter0:inst6|lpm_counter:lpm_counter_component|cntr_nth:auto_generated|safe_q[4]  ; CLK        ; CLK      ; None                        ; None                      ; 1.969 ns                ;
; N/A   ; Restricted to 275.03 MHz ( period = 3.636 ns ) ; lpm_counter0:inst6|lpm_counter:lpm_counter_component|cntr_nth:auto_generated|safe_q[13] ; lpm_counter0:inst6|lpm_counter:lpm_counter_component|cntr_nth:auto_generated|safe_q[18] ; CLK        ; CLK      ; None                        ; None                      ; 1.953 ns                ;
; N/A   ; Restricted to 275.03 MHz ( period = 3.636 ns ) ; lpm_counter0:inst6|lpm_counter:lpm_counter_component|cntr_nth:auto_generated|safe_q[13] ; lpm_counter0:inst6|lpm_counter:lpm_counter_component|cntr_nth:auto_generated|safe_q[17] ; CLK        ; CLK      ; None                        ; None                      ; 1.953 ns                ;
; N/A   ; Restricted to 275.03 MHz ( period = 3.636 ns ) ; lpm_counter0:inst6|lpm_counter:lpm_counter_component|cntr_nth:auto_generated|safe_q[13] ; lpm_counter0:inst6|lpm_counter:lpm_counter_component|cntr_nth:auto_generated|safe_q[16] ; CLK        ; CLK      ; None                        ; None                      ; 1.953 ns                ;
; N/A   ; Restricted to 275.03 MHz ( period = 3.636 ns ) ; lpm_counter0:inst6|lpm_counter:lpm_counter_component|cntr_nth:auto_generated|safe_q[13] ; lpm_counter0:inst6|lpm_counter:lpm_counter_component|cntr_nth:auto_generated|safe_q[15] ; CLK        ; CLK      ; None                        ; None                      ; 1.953 ns                ;
; N/A   ; Restricted to 275.03 MHz ( period = 3.636 ns ) ; lpm_counter0:inst6|lpm_counter:lpm_counter_component|cntr_nth:auto_generated|safe_q[3]  ; lpm_counter0:inst6|lpm_counter:lpm_counter_component|cntr_nth:auto_generated|safe_q[9]  ; CLK        ; CLK      ; None                        ; None                      ; 1.953 ns                ;
; N/A   ; Restricted to 275.03 MHz ( period = 3.636 ns ) ; lpm_counter0:inst6|lpm_counter:lpm_counter_component|cntr_nth:auto_generated|safe_q[3]  ; lpm_counter0:inst6|lpm_counter:lpm_counter_component|cntr_nth:auto_generated|safe_q[8]  ; CLK        ; CLK      ; None                        ; None                      ; 1.953 ns                ;
; N/A   ; Restricted to 275.03 MHz ( period = 3.636 ns ) ; lpm_counter0:inst6|lpm_counter:lpm_counter_component|cntr_nth:auto_generated|safe_q[3]  ; lpm_counter0:inst6|lpm_counter:lpm_counter_component|cntr_nth:auto_generated|safe_q[7]  ; CLK        ; CLK      ; None                        ; None                      ; 1.953 ns                ;
; N/A   ; Restricted to 275.03 MHz ( period = 3.636 ns ) ; lpm_counter0:inst6|lpm_counter:lpm_counter_component|cntr_nth:auto_generated|safe_q[3]  ; lpm_counter0:inst6|lpm_counter:lpm_counter_component|cntr_nth:auto_generated|safe_q[6]  ; CLK        ; CLK      ; None                        ; None                      ; 1.953 ns                ;
; N/A   ; Restricted to 275.03 MHz ( period = 3.636 ns ) ; lpm_counter0:inst6|lpm_counter:lpm_counter_component|cntr_nth:auto_generated|safe_q[3]  ; lpm_counter0:inst6|lpm_counter:lpm_counter_component|cntr_nth:auto_generated|safe_q[5]  ; CLK        ; CLK      ; None                        ; None                      ; 1.953 ns                ;
; N/A   ; Restricted to 275.03 MHz ( period = 3.636 ns ) ; lpm_counter0:inst6|lpm_counter:lpm_counter_component|cntr_nth:auto_generated|safe_q[14] ; lpm_counter0:inst6|lpm_counter:lpm_counter_component|cntr_nth:auto_generated|safe_q[18] ; CLK        ; CLK      ; None                        ; None                      ; 1.929 ns                ;
; N/A   ; Restricted to 275.03 MHz ( period = 3.636 ns ) ; lpm_counter0:inst6|lpm_counter:lpm_counter_component|cntr_nth:auto_generated|safe_q[14] ; lpm_counter0:inst6|lpm_counter:lpm_counter_component|cntr_nth:auto_generated|safe_q[17] ; CLK        ; CLK      ; None                        ; None                      ; 1.929 ns                ;
; N/A   ; Restricted to 275.03 MHz ( period = 3.636 ns ) ; lpm_counter0:inst6|lpm_counter:lpm_counter_component|cntr_nth:auto_generated|safe_q[14] ; lpm_counter0:inst6|lpm_counter:lpm_counter_component|cntr_nth:auto_generated|safe_q[16] ; CLK        ; CLK      ; None                        ; None                      ; 1.929 ns                ;
; N/A   ; Restricted to 275.03 MHz ( period = 3.636 ns ) ; lpm_counter0:inst6|lpm_counter:lpm_counter_component|cntr_nth:auto_generated|safe_q[14] ; lpm_counter0:inst6|lpm_counter:lpm_counter_component|cntr_nth:auto_generated|safe_q[15] ; CLK        ; CLK      ; None                        ; None                      ; 1.929 ns                ;
; N/A   ; Restricted to 275.03 MHz ( period = 3.636 ns ) ; lpm_counter0:inst6|lpm_counter:lpm_counter_component|cntr_nth:auto_generated|safe_q[4]  ; lpm_counter0:inst6|lpm_counter:lpm_counter_component|cntr_nth:auto_generated|safe_q[9]  ; CLK        ; CLK      ; None                        ; None                      ; 1.929 ns                ;
; N/A   ; Restricted to 275.03 MHz ( period = 3.636 ns ) ; lpm_counter0:inst6|lpm_counter:lpm_counter_component|cntr_nth:auto_generated|safe_q[4]  ; lpm_counter0:inst6|lpm_counter:lpm_counter_component|cntr_nth:auto_generated|safe_q[8]  ; CLK        ; CLK      ; None                        ; None                      ; 1.929 ns                ;
; N/A   ; Restricted to 275.03 MHz ( period = 3.636 ns ) ; lpm_counter0:inst6|lpm_counter:lpm_counter_component|cntr_nth:auto_generated|safe_q[4]  ; lpm_counter0:inst6|lpm_counter:lpm_counter_component|cntr_nth:auto_generated|safe_q[7]  ; CLK        ; CLK      ; None                        ; None                      ; 1.929 ns                ;
; N/A   ; Restricted to 275.03 MHz ( period = 3.636 ns ) ; lpm_counter0:inst6|lpm_counter:lpm_counter_component|cntr_nth:auto_generated|safe_q[4]  ; lpm_counter0:inst6|lpm_counter:lpm_counter_component|cntr_nth:auto_generated|safe_q[6]  ; CLK        ; CLK      ; None                        ; None                      ; 1.929 ns                ;
; N/A   ; Restricted to 275.03 MHz ( period = 3.636 ns ) ; lpm_counter0:inst6|lpm_counter:lpm_counter_component|cntr_nth:auto_generated|safe_q[4]  ; lpm_counter0:inst6|lpm_counter:lpm_counter_component|cntr_nth:auto_generated|safe_q[5]  ; CLK        ; CLK      ; None                        ; None                      ; 1.929 ns                ;
; N/A   ; Restricted to 275.03 MHz ( period = 3.636 ns ) ; lpm_counter0:inst6|lpm_counter:lpm_counter_component|cntr_nth:auto_generated|safe_q[7]  ; lpm_counter0:inst6|lpm_counter:lpm_counter_component|cntr_nth:auto_generated|safe_q[8]  ; CLK        ; CLK      ; None                        ; None                      ; 1.896 ns                ;
; N/A   ; Restricted to 275.03 MHz ( period = 3.636 ns ) ; lpm_counter0:inst6|lpm_counter:lpm_counter_component|cntr_nth:auto_generated|safe_q[2]  ; lpm_counter0:inst6|lpm_counter:lpm_counter_component|cntr_nth:auto_generated|safe_q[3]  ; CLK        ; CLK      ; None                        ; None                      ; 1.895 ns                ;
; N/A   ; Restricted to 275.03 MHz ( period = 3.636 ns ) ; lpm_counter0:inst6|lpm_counter:lpm_counter_component|cntr_nth:auto_generated|safe_q[16] ; lpm_counter0:inst6|lpm_counter:lpm_counter_component|cntr_nth:auto_generated|safe_q[17] ; CLK        ; CLK      ; None                        ; None                      ; 1.891 ns                ;
; N/A   ; Restricted to 275.03 MHz ( period = 3.636 ns ) ; lpm_counter0:inst6|lpm_counter:lpm_counter_component|cntr_nth:auto_generated|safe_q[12] ; lpm_counter0:inst6|lpm_counter:lpm_counter_component|cntr_nth:auto_generated|safe_q[13] ; CLK        ; CLK      ; None                        ; None                      ; 1.891 ns                ;
; N/A   ; Restricted to 275.03 MHz ( period = 3.636 ns ) ; lpm_counter0:inst6|lpm_counter:lpm_counter_component|cntr_nth:auto_generated|safe_q[11] ; lpm_counter0:inst6|lpm_counter:lpm_counter_component|cntr_nth:auto_generated|safe_q[12] ; CLK        ; CLK      ; None                        ; None                      ; 1.891 ns                ;
; N/A   ; Restricted to 275.03 MHz ( period = 3.636 ns ) ; lpm_counter0:inst6|lpm_counter:lpm_counter_component|cntr_nth:auto_generated|safe_q[6]  ; lpm_counter0:inst6|lpm_counter:lpm_counter_component|cntr_nth:auto_generated|safe_q[7]  ; CLK        ; CLK      ; None                        ; None                      ; 1.891 ns                ;
; N/A   ; Restricted to 275.03 MHz ( period = 3.636 ns ) ; lpm_counter0:inst6|lpm_counter:lpm_counter_component|cntr_nth:auto_generated|safe_q[1]  ; lpm_counter0:inst6|lpm_counter:lpm_counter_component|cntr_nth:auto_generated|safe_q[2]  ; CLK        ; CLK      ; None                        ; None                      ; 1.891 ns                ;
; N/A   ; Restricted to 275.03 MHz ( period = 3.636 ns ) ; lpm_counter0:inst6|lpm_counter:lpm_counter_component|cntr_nth:auto_generated|safe_q[17] ; lpm_counter0:inst6|lpm_counter:lpm_counter_component|cntr_nth:auto_generated|safe_q[18] ; CLK        ; CLK      ; None                        ; None                      ; 1.890 ns                ;
; N/A   ; Restricted to 275.03 MHz ( period = 3.636 ns ) ; lpm_counter0:inst6|lpm_counter:lpm_counter_component|cntr_nth:auto_generated|safe_q[15] ; lpm_counter0:inst6|lpm_counter:lpm_counter_component|cntr_nth:auto_generated|safe_q[18] ; CLK        ; CLK      ; None                        ; None                      ; 1.889 ns                ;
; N/A   ; Restricted to 275.03 MHz ( period = 3.636 ns ) ; lpm_counter0:inst6|lpm_counter:lpm_counter_component|cntr_nth:auto_generated|safe_q[10] ; lpm_counter0:inst6|lpm_counter:lpm_counter_component|cntr_nth:auto_generated|safe_q[13] ; CLK        ; CLK      ; None                        ; None                      ; 1.889 ns                ;
; N/A   ; Restricted to 275.03 MHz ( period = 3.636 ns ) ; lpm_counter0:inst6|lpm_counter:lpm_counter_component|cntr_nth:auto_generated|safe_q[5]  ; lpm_counter0:inst6|lpm_counter:lpm_counter_component|cntr_nth:auto_generated|safe_q[8]  ; CLK        ; CLK      ; None                        ; None                      ; 1.889 ns                ;
; N/A   ; Restricted to 275.03 MHz ( period = 3.636 ns ) ; lpm_counter0:inst6|lpm_counter:lpm_counter_component|cntr_nth:auto_generated|safe_q[0]  ; lpm_counter0:inst6|lpm_counter:lpm_counter_component|cntr_nth:auto_generated|safe_q[3]  ; CLK        ; CLK      ; None                        ; None                      ; 1.889 ns                ;
; N/A   ; Restricted to 275.03 MHz ( period = 3.636 ns ) ; lpm_counter0:inst6|lpm_counter:lpm_counter_component|cntr_nth:auto_generated|safe_q[15] ; lpm_counter0:inst6|lpm_counter:lpm_counter_component|cntr_nth:auto_generated|safe_q[17] ; CLK        ; CLK      ; None                        ; None                      ; 1.809 ns                ;
; N/A   ; Restricted to 275.03 MHz ( period = 3.636 ns ) ; lpm_counter0:inst6|lpm_counter:lpm_counter_component|cntr_nth:auto_generated|safe_q[10] ; lpm_counter0:inst6|lpm_counter:lpm_counter_component|cntr_nth:auto_generated|safe_q[12] ; CLK        ; CLK      ; None                        ; None                      ; 1.809 ns                ;
; N/A   ; Restricted to 275.03 MHz ( period = 3.636 ns ) ; lpm_counter0:inst6|lpm_counter:lpm_counter_component|cntr_nth:auto_generated|safe_q[5]  ; lpm_counter0:inst6|lpm_counter:lpm_counter_component|cntr_nth:auto_generated|safe_q[7]  ; CLK        ; CLK      ; None                        ; None                      ; 1.809 ns                ;
; N/A   ; Restricted to 275.03 MHz ( period = 3.636 ns ) ; lpm_counter0:inst6|lpm_counter:lpm_counter_component|cntr_nth:auto_generated|safe_q[0]  ; lpm_counter0:inst6|lpm_counter:lpm_counter_component|cntr_nth:auto_generated|safe_q[2]  ; CLK        ; CLK      ; None                        ; None                      ; 1.809 ns                ;
; N/A   ; Restricted to 275.03 MHz ( period = 3.636 ns ) ; lpm_counter0:inst6|lpm_counter:lpm_counter_component|cntr_nth:auto_generated|safe_q[13] ; lpm_counter0:inst6|lpm_counter:lpm_counter_component|cntr_nth:auto_generated|safe_q[14] ; CLK        ; CLK      ; None                        ; None                      ; 1.732 ns                ;
; N/A   ; Restricted to 275.03 MHz ( period = 3.636 ns ) ; lpm_counter0:inst6|lpm_counter:lpm_counter_component|cntr_nth:auto_generated|safe_q[3]  ; lpm_counter0:inst6|lpm_counter:lpm_counter_component|cntr_nth:auto_generated|safe_q[4]  ; CLK        ; CLK      ; None                        ; None                      ; 1.732 ns                ;
; N/A   ; Restricted to 275.03 MHz ( period = 3.636 ns ) ; lpm_counter0:inst6|lpm_counter:lpm_counter_component|cntr_nth:auto_generated|safe_q[15] ; lpm_counter0:inst6|lpm_counter:lpm_counter_component|cntr_nth:auto_generated|safe_q[16] ; CLK        ; CLK      ; None                        ; None                      ; 1.729 ns                ;
; N/A   ; Restricted to 275.03 MHz ( period = 3.636 ns ) ; lpm_counter0:inst6|lpm_counter:lpm_counter_component|cntr_nth:auto_generated|safe_q[10] ; lpm_counter0:inst6|lpm_counter:lpm_counter_component|cntr_nth:auto_generated|safe_q[11] ; CLK        ; CLK      ; None                        ; None                      ; 1.729 ns                ;
; N/A   ; Restricted to 275.03 MHz ( period = 3.636 ns ) ; lpm_counter0:inst6|lpm_counter:lpm_counter_component|cntr_nth:auto_generated|safe_q[5]  ; lpm_counter0:inst6|lpm_counter:lpm_counter_component|cntr_nth:auto_generated|safe_q[6]  ; CLK        ; CLK      ; None                        ; None                      ; 1.729 ns                ;
; N/A   ; Restricted to 275.03 MHz ( period = 3.636 ns ) ; lpm_counter0:inst6|lpm_counter:lpm_counter_component|cntr_nth:auto_generated|safe_q[0]  ; lpm_counter0:inst6|lpm_counter:lpm_counter_component|cntr_nth:auto_generated|safe_q[1]  ; CLK        ; CLK      ; None                        ; None                      ; 1.729 ns                ;
; N/A   ; Restricted to 275.03 MHz ( period = 3.636 ns ) ; lpm_counter0:inst6|lpm_counter:lpm_counter_component|cntr_nth:auto_generated|safe_q[8]  ; lpm_counter0:inst6|lpm_counter:lpm_counter_component|cntr_nth:auto_generated|safe_q[9]  ; CLK        ; CLK      ; None                        ; None                      ; 1.726 ns                ;
; N/A   ; Restricted to 275.03 MHz ( period = 3.636 ns ) ; inst3                                                                                   ; inst3                                                                                   ; CLK        ; CLK      ; None                        ; None                      ; 0.823 ns                ;
; N/A   ; Restricted to 275.03 MHz ( period = 3.636 ns ) ; inst11                                                                                  ; inst11                                                                                  ; CLK        ; CLK      ; None                        ; None                      ; 0.823 ns                ;
; N/A   ; Restricted to 275.03 MHz ( period = 3.636 ns ) ; lpm_counter0:inst6|lpm_counter:lpm_counter_component|cntr_nth:auto_generated|safe_q[9]  ; lpm_counter0:inst6|lpm_counter:lpm_counter_component|cntr_nth:auto_generated|safe_q[9]  ; CLK        ; CLK      ; None                        ; None                      ; 1.273 ns                ;
; N/A   ; Restricted to 275.03 MHz ( period = 3.636 ns ) ; lpm_counter0:inst6|lpm_counter:lpm_counter_component|cntr_nth:auto_generated|safe_q[7]  ; lpm_counter0:inst6|lpm_counter:lpm_counter_component|cntr_nth:auto_generated|safe_q[7]  ; CLK        ; CLK      ; None                        ; None                      ; 1.272 ns                ;
; N/A   ; Restricted to 275.03 MHz ( period = 3.636 ns ) ; lpm_counter0:inst6|lpm_counter:lpm_counter_component|cntr_nth:auto_generated|safe_q[2]  ; lpm_counter0:inst6|lpm_counter:lpm_counter_component|cntr_nth:auto_generated|safe_q[2]  ; CLK        ; CLK      ; None                        ; None                      ; 1.271 ns                ;
; N/A   ; Restricted to 275.03 MHz ( period = 3.636 ns ) ; lpm_counter0:inst6|lpm_counter:lpm_counter_component|cntr_nth:auto_generated|safe_q[16] ; lpm_counter0:inst6|lpm_counter:lpm_counter_component|cntr_nth:auto_generated|safe_q[16] ; CLK        ; CLK      ; None                        ; None                      ; 1.267 ns                ;
; N/A   ; Restricted to 275.03 MHz ( period = 3.636 ns ) ; lpm_counter0:inst6|lpm_counter:lpm_counter_component|cntr_nth:auto_generated|safe_q[12] ; lpm_counter0:inst6|lpm_counter:lpm_counter_component|cntr_nth:auto_generated|safe_q[12] ; CLK        ; CLK      ; None                        ; None                      ; 1.267 ns                ;
; N/A   ; Restricted to 275.03 MHz ( period = 3.636 ns ) ; lpm_counter0:inst6|lpm_counter:lpm_counter_component|cntr_nth:auto_generated|safe_q[11] ; lpm_counter0:inst6|lpm_counter:lpm_counter_component|cntr_nth:auto_generated|safe_q[11] ; CLK        ; CLK      ; None                        ; None                      ; 1.267 ns                ;
; N/A   ; Restricted to 275.03 MHz ( period = 3.636 ns ) ; lpm_counter0:inst6|lpm_counter:lpm_counter_component|cntr_nth:auto_generated|safe_q[6]  ; lpm_counter0:inst6|lpm_counter:lpm_counter_component|cntr_nth:auto_generated|safe_q[6]  ; CLK        ; CLK      ; None                        ; None                      ; 1.267 ns                ;
; N/A   ; Restricted to 275.03 MHz ( period = 3.636 ns ) ; lpm_counter0:inst6|lpm_counter:lpm_counter_component|cntr_nth:auto_generated|safe_q[1]  ; lpm_counter0:inst6|lpm_counter:lpm_counter_component|cntr_nth:auto_generated|safe_q[1]  ; CLK        ; CLK      ; None                        ; None                      ; 1.267 ns                ;
; N/A   ; Restricted to 275.03 MHz ( period = 3.636 ns ) ; lpm_counter0:inst6|lpm_counter:lpm_counter_component|cntr_nth:auto_generated|safe_q[17] ; lpm_counter0:inst6|lpm_counter:lpm_counter_component|cntr_nth:auto_generated|safe_q[17] ; CLK        ; CLK      ; None                        ; None                      ; 1.266 ns                ;
; N/A   ; Restricted to 275.03 MHz ( period = 3.636 ns ) ; lpm_counter0:inst6|lpm_counter:lpm_counter_component|cntr_nth:auto_generated|safe_q[13] ; lpm_counter0:inst6|lpm_counter:lpm_counter_component|cntr_nth:auto_generated|safe_q[13] ; CLK        ; CLK      ; None                        ; None                      ; 1.120 ns                ;
; N/A   ; Restricted to 275.03 MHz ( period = 3.636 ns ) ; lpm_counter0:inst6|lpm_counter:lpm_counter_component|cntr_nth:auto_generated|safe_q[3]  ; lpm_counter0:inst6|lpm_counter:lpm_counter_component|cntr_nth:auto_generated|safe_q[3]  ; CLK        ; CLK      ; None                        ; None                      ; 1.120 ns                ;
; N/A   ; Restricted to 275.03 MHz ( period = 3.636 ns ) ; lpm_counter0:inst6|lpm_counter:lpm_counter_component|cntr_nth:auto_generated|safe_q[15] ; lpm_counter0:inst6|lpm_counter:lpm_counter_component|cntr_nth:auto_generated|safe_q[15] ; CLK        ; CLK      ; None                        ; None                      ; 1.117 ns                ;
; N/A   ; Restricted to 275.03 MHz ( period = 3.636 ns ) ; lpm_counter0:inst6|lpm_counter:lpm_counter_component|cntr_nth:auto_generated|safe_q[10] ; lpm_counter0:inst6|lpm_counter:lpm_counter_component|cntr_nth:auto_generated|safe_q[10] ; CLK        ; CLK      ; None                        ; None                      ; 1.117 ns                ;
; N/A   ; Restricted to 275.03 MHz ( period = 3.636 ns ) ; lpm_counter0:inst6|lpm_counter:lpm_counter_component|cntr_nth:auto_generated|safe_q[5]  ; lpm_counter0:inst6|lpm_counter:lpm_counter_component|cntr_nth:auto_generated|safe_q[5]  ; CLK        ; CLK      ; None                        ; None                      ; 1.117 ns                ;
; N/A   ; Restricted to 275.03 MHz ( period = 3.636 ns ) ; lpm_counter0:inst6|lpm_counter:lpm_counter_component|cntr_nth:auto_generated|safe_q[0]  ; lpm_counter0:inst6|lpm_counter:lpm_counter_component|cntr_nth:auto_generated|safe_q[0]  ; CLK        ; CLK      ; None                        ; None                      ; 1.117 ns                ;
; N/A   ; Restricted to 275.03 MHz ( period = 3.636 ns ) ; lpm_counter0:inst6|lpm_counter:lpm_counter_component|cntr_nth:auto_generated|safe_q[18] ; lpm_counter0:inst6|lpm_counter:lpm_counter_component|cntr_nth:auto_generated|safe_q[18] ; CLK        ; CLK      ; None                        ; None                      ; 1.114 ns                ;
; N/A   ; Restricted to 275.03 MHz ( period = 3.636 ns ) ; lpm_counter0:inst6|lpm_counter:lpm_counter_component|cntr_nth:auto_generated|safe_q[14] ; lpm_counter0:inst6|lpm_counter:lpm_counter_component|cntr_nth:auto_generated|safe_q[14] ; CLK        ; CLK      ; None                        ; None                      ; 1.114 ns                ;
; N/A   ; Restricted to 275.03 MHz ( period = 3.636 ns ) ; lpm_counter0:inst6|lpm_counter:lpm_counter_component|cntr_nth:auto_generated|safe_q[4]  ; lpm_counter0:inst6|lpm_counter:lpm_counter_component|cntr_nth:auto_generated|safe_q[4]  ; CLK        ; CLK      ; None                        ; None                      ; 1.114 ns                ;
; N/A   ; Restricted to 275.03 MHz ( period = 3.636 ns ) ; lpm_counter0:inst6|lpm_counter:lpm_counter_component|cntr_nth:auto_generated|safe_q[8]  ; lpm_counter0:inst6|lpm_counter:lpm_counter_component|cntr_nth:auto_generated|safe_q[8]  ; CLK        ; CLK      ; None                        ; None                      ; 1.114 ns                ;
+-------+------------------------------------------------+-----------------------------------------------------------------------------------------+-----------------------------------------------------------------------------------------+------------+----------+-----------------------------+---------------------------+-------------------------+


+--------------------------------------------------------------+
; tsu                                                          ;
+-------+--------------+------------+------+--------+----------+
; Slack ; Required tsu ; Actual tsu ; From ; To     ; To Clock ;
+-------+--------------+------------+------+--------+----------+
; N/A   ; None         ; 2.743 ns   ; D    ; inst   ; C        ;
; N/A   ; None         ; 1.420 ns   ; C    ; inst8  ; CLK      ;
; N/A   ; None         ; -1.790 ns  ; J    ; inst11 ; CLK      ;
; N/A   ; None         ; -3.563 ns  ; T    ; inst3  ; CLK      ;
; N/A   ; None         ; -3.733 ns  ; K    ; inst11 ; CLK      ;
+-------+--------------+------------+------+--------+----------+


+---------------------------------------------------------------+
; tco                                                           ;
+-------+--------------+------------+--------+-----+------------+
; Slack ; Required tco ; Actual tco ; From   ; To  ; From Clock ;
+-------+--------------+------------+--------+-----+------------+
; N/A   ; None         ; 17.166 ns  ; inst3  ; QT  ; CLK        ;
; N/A   ; None         ; 15.824 ns  ; inst11 ; QJK ; CLK        ;
; N/A   ; None         ; 9.022 ns   ; inst   ; Q   ; C          ;
+-------+--------------+------------+--------+-----+------------+


+--------------------------------------------------------------------+
; th                                                                 ;
+---------------+-------------+-----------+------+--------+----------+
; Minimum Slack ; Required th ; Actual th ; From ; To     ; To Clock ;
+---------------+-------------+-----------+------+--------+----------+
; N/A           ; None        ; 4.643 ns  ; K    ; inst11 ; CLK      ;
; N/A           ; None        ; 4.473 ns  ; T    ; inst3  ; CLK      ;
; N/A           ; None        ; 2.700 ns  ; J    ; inst11 ; CLK      ;
; N/A           ; None        ; -0.510 ns ; C    ; inst8  ; CLK      ;
; N/A           ; None        ; -2.691 ns ; D    ; inst   ; C        ;
+---------------+-------------+-----------+------+--------+----------+


+--------------------------+
; Timing Analyzer Messages ;
+--------------------------+
Info: *******************************************************************
Info: Running Quartus II Classic Timing Analyzer
    Info: Version 9.0 Build 235 06/17/2009 Service Pack 2 SJ Web Edition
    Info: Processing started: Fri Mar 13 12:45:50 2026
Info: Command: quartus_tan --read_settings_files=off --write_settings_files=off D_T_JK_trigger -c D_T_JK_trigger --timing_analysis_only
Warning: Found pins functioning as undefined clocks and/or memory enables
    Info: Assuming node "CLK" is an undefined clock
    Info: Assuming node "C" is an undefined clock
Warning: Found 47 node(s) in clock paths which may be acting as ripple and/or gated clocks -- node(s) analyzed as buffer(s) resulting in clock skew
    Info: Detected ripple clock "inst8" as buffer
    Info: Detected ripple clock "lpm_counter0:inst6|lpm_counter:lpm_counter_component|cntr_nth:auto_generated|safe_q[0]" as buffer
    Info: Detected gated clock "lpm_counter0:inst6|lpm_counter:lpm_counter_component|cntr_nth:auto_generated|counter_cella1~COUTCOUT1_3" as buffer
    Info: Detected ripple clock "lpm_counter0:inst6|lpm_counter:lpm_counter_component|cntr_nth:auto_generated|safe_q[1]" as buffer
    Info: Detected gated clock "lpm_counter0:inst6|lpm_counter:lpm_counter_component|cntr_nth:auto_generated|counter_cella2~COUTCOUT1_3" as buffer
    Info: Detected gated clock "lpm_counter0:inst6|lpm_counter:lpm_counter_component|cntr_nth:auto_generated|counter_cella1~COUT" as buffer
    Info: Detected ripple clock "lpm_counter0:inst6|lpm_counter:lpm_counter_component|cntr_nth:auto_generated|safe_q[2]" as buffer
    Info: Detected gated clock "lpm_counter0:inst6|lpm_counter:lpm_counter_component|cntr_nth:auto_generated|counter_cella2~COUT" as buffer
    Info: Detected ripple clock "lpm_counter0:inst6|lpm_counter:lpm_counter_component|cntr_nth:auto_generated|safe_q[3]" as buffer
    Info: Detected ripple clock "lpm_counter0:inst6|lpm_counter:lpm_counter_component|cntr_nth:auto_generated|safe_q[5]" as buffer
    Info: Detected gated clock "lpm_counter0:inst6|lpm_counter:lpm_counter_component|cntr_nth:auto_generated|counter_cella6~COUTCOUT1_3" as buffer
    Info: Detected ripple clock "lpm_counter0:inst6|lpm_counter:lpm_counter_component|cntr_nth:auto_generated|safe_q[6]" as buffer
    Info: Detected gated clock "lpm_counter0:inst6|lpm_counter:lpm_counter_component|cntr_nth:auto_generated|counter_cella7~COUTCOUT1_3" as buffer
    Info: Detected gated clock "lpm_counter0:inst6|lpm_counter:lpm_counter_component|cntr_nth:auto_generated|counter_cella6~COUT" as buffer
    Info: Detected ripple clock "lpm_counter0:inst6|lpm_counter:lpm_counter_component|cntr_nth:auto_generated|safe_q[7]" as buffer
    Info: Detected gated clock "lpm_counter0:inst6|lpm_counter:lpm_counter_component|cntr_nth:auto_generated|counter_cella7~COUT" as buffer
    Info: Detected ripple clock "lpm_counter0:inst6|lpm_counter:lpm_counter_component|cntr_nth:auto_generated|safe_q[8]" as buffer
    Info: Detected gated clock "lpm_counter0:inst6|lpm_counter:lpm_counter_component|cntr_nth:auto_generated|counter_cella3~COUTCOUT1_3" as buffer
    Info: Detected gated clock "lpm_counter0:inst6|lpm_counter:lpm_counter_component|cntr_nth:auto_generated|counter_cella3~COUT" as buffer
    Info: Detected ripple clock "lpm_counter0:inst6|lpm_counter:lpm_counter_component|cntr_nth:auto_generated|safe_q[4]" as buffer
    Info: Detected ripple clock "lpm_counter0:inst6|lpm_counter:lpm_counter_component|cntr_nth:auto_generated|safe_q[10]" as buffer
    Info: Detected gated clock "lpm_counter0:inst6|lpm_counter:lpm_counter_component|cntr_nth:auto_generated|counter_cella11~COUTCOUT1_3" as buffer
    Info: Detected ripple clock "lpm_counter0:inst6|lpm_counter:lpm_counter_component|cntr_nth:auto_generated|safe_q[11]" as buffer
    Info: Detected gated clock "lpm_counter0:inst6|lpm_counter:lpm_counter_component|cntr_nth:auto_generated|counter_cella12~COUTCOUT1_3" as buffer
    Info: Detected gated clock "lpm_counter0:inst6|lpm_counter:lpm_counter_component|cntr_nth:auto_generated|counter_cella11~COUT" as buffer
    Info: Detected ripple clock "lpm_counter0:inst6|lpm_counter:lpm_counter_component|cntr_nth:auto_generated|safe_q[12]" as buffer
    Info: Detected gated clock "lpm_counter0:inst6|lpm_counter:lpm_counter_component|cntr_nth:auto_generated|counter_cella12~COUT" as buffer
    Info: Detected ripple clock "lpm_counter0:inst6|lpm_counter:lpm_counter_component|cntr_nth:auto_generated|safe_q[13]" as buffer
    Info: Detected gated clock "lpm_counter0:inst6|lpm_counter:lpm_counter_component|cntr_nth:auto_generated|counter_cella8~COUTCOUT1_3" as buffer
    Info: Detected gated clock "lpm_counter0:inst6|lpm_counter:lpm_counter_component|cntr_nth:auto_generated|counter_cella8~COUT" as buffer
    Info: Detected gated clock "lpm_counter0:inst6|lpm_counter:lpm_counter_component|cntr_nth:auto_generated|counter_cella4~COUT" as buffer
    Info: Detected ripple clock "lpm_counter0:inst6|lpm_counter:lpm_counter_component|cntr_nth:auto_generated|safe_q[9]" as buffer
    Info: Detected ripple clock "lpm_counter0:inst6|lpm_counter:lpm_counter_component|cntr_nth:auto_generated|safe_q[15]" as buffer
    Info: Detected gated clock "lpm_counter0:inst6|lpm_counter:lpm_counter_component|cntr_nth:auto_generated|counter_cella16~COUTCOUT1_3" as buffer
    Info: Detected ripple clock "lpm_counter0:inst6|lpm_counter:lpm_counter_component|cntr_nth:auto_generated|safe_q[16]" as buffer
    Info: Detected gated clock "lpm_counter0:inst6|lpm_counter:lpm_counter_component|cntr_nth:auto_generated|counter_cella16~COUT" as buffer
    Info: Detected ripple clock "lpm_counter0:inst6|lpm_counter:lpm_counter_component|cntr_nth:auto_generated|safe_q[17]" as buffer
    Info: Detected gated clock "lpm_counter0:inst6|lpm_counter:lpm_counter_component|cntr_nth:auto_generated|counter_cella17~COUTCOUT1_3" as buffer
    Info: Detected gated clock "lpm_counter0:inst6|lpm_counter:lpm_counter_component|cntr_nth:auto_generated|counter_cella17~COUT" as buffer
    Info: Detected gated clock "lpm_counter0:inst6|lpm_counter:lpm_counter_component|cntr_nth:auto_generated|counter_cella13~COUTCOUT1_3" as buffer
    Info: Detected gated clock "lpm_counter0:inst6|lpm_counter:lpm_counter_component|cntr_nth:auto_generated|counter_cella13~COUT" as buffer
    Info: Detected gated clock "lpm_counter0:inst6|lpm_counter:lpm_counter_component|cntr_nth:auto_generated|counter_cella9~COUT" as buffer
    Info: Detected ripple clock "lpm_counter0:inst6|lpm_counter:lpm_counter_component|cntr_nth:auto_generated|safe_q[14]" as buffer
    Info: Detected ripple clock "lpm_counter0:inst6|lpm_counter:lpm_counter_component|cntr_nth:auto_generated|safe_q[18]" as buffer
    Info: Detected gated clock "lpm_counter0:inst6|lpm_counter:lpm_counter_component|cntr_nth:auto_generated|counter_cella18~COUTCOUT1_3" as buffer
    Info: Detected gated clock "lpm_counter0:inst6|lpm_counter:lpm_counter_component|cntr_nth:auto_generated|counter_cella18~COUT" as buffer
    Info: Detected gated clock "lpm_counter0:inst6|lpm_counter:lpm_counter_component|cntr_nth:auto_generated|counter_cella14~COUT" as buffer
Info: Clock "CLK" Internal fmax is restricted to 275.03 MHz between source register "lpm_counter0:inst6|lpm_counter:lpm_counter_component|cntr_nth:auto_generated|safe_q[1]" and destination register "lpm_counter0:inst6|lpm_counter:lpm_counter_component|cntr_nth:auto_generated|safe_q[18]"
    Info: fmax restricted to Clock High delay (1.818 ns) plus Clock Low delay (1.818 ns) : restricted to 3.636 ns. Expand message to see actual delay path.
        Info: + Longest register to register delay is 2.610 ns
            Info: 1: + IC(0.000 ns) + CELL(0.000 ns) = 0.000 ns; Loc. = LC_X6_Y5_N1; Fanout = 3; REG Node = 'lpm_counter0:inst6|lpm_counter:lpm_counter_component|cntr_nth:auto_generated|safe_q[1]'
            Info: 2: + IC(0.529 ns) + CELL(0.564 ns) = 1.093 ns; Loc. = LC_X6_Y5_N1; Fanout = 2; COMB Node = 'lpm_counter0:inst6|lpm_counter:lpm_counter_component|cntr_nth:auto_generated|counter_cella1~COUT'
            Info: 3: + IC(0.000 ns) + CELL(0.078 ns) = 1.171 ns; Loc. = LC_X6_Y5_N2; Fanout = 2; COMB Node = 'lpm_counter0:inst6|lpm_counter:lpm_counter_component|cntr_nth:auto_generated|counter_cella2~COUT'
            Info: 4: + IC(0.000 ns) + CELL(0.078 ns) = 1.249 ns; Loc. = LC_X6_Y5_N3; Fanout = 2; COMB Node = 'lpm_counter0:inst6|lpm_counter:lpm_counter_component|cntr_nth:auto_generated|counter_cella3~COUT'
            Info: 5: + IC(0.000 ns) + CELL(0.178 ns) = 1.427 ns; Loc. = LC_X6_Y5_N4; Fanout = 6; COMB Node = 'lpm_counter0:inst6|lpm_counter:lpm_counter_component|cntr_nth:auto_generated|counter_cella4~COUT'
            Info: 6: + IC(0.000 ns) + CELL(0.208 ns) = 1.635 ns; Loc. = LC_X6_Y5_N9; Fanout = 6; COMB Node = 'lpm_counter0:inst6|lpm_counter:lpm_counter_component|cntr_nth:auto_generated|counter_cella9~COUT'
            Info: 7: + IC(0.000 ns) + CELL(0.136 ns) = 1.771 ns; Loc. = LC_X6_Y4_N4; Fanout = 5; COMB Node = 'lpm_counter0:inst6|lpm_counter:lpm_counter_component|cntr_nth:auto_generated|counter_cella14~COUT'
            Info: 8: + IC(0.000 ns) + CELL(0.839 ns) = 2.610 ns; Loc. = LC_X6_Y4_N8; Fanout = 3; REG Node = 'lpm_counter0:inst6|lpm_counter:lpm_counter_component|cntr_nth:auto_generated|safe_q[18]'
            Info: Total cell delay = 2.081 ns ( 79.73 % )
            Info: Total interconnect delay = 0.529 ns ( 20.27 % )
        Info: - Smallest clock skew is 0.000 ns
            Info: + Shortest clock path from clock "CLK" to destination register is 2.730 ns
                Info: 1: + IC(0.000 ns) + CELL(1.469 ns) = 1.469 ns; Loc. = PIN_16; Fanout = 19; CLK Node = 'CLK'
                Info: 2: + IC(0.550 ns) + CELL(0.711 ns) = 2.730 ns; Loc. = LC_X6_Y4_N8; Fanout = 3; REG Node = 'lpm_counter0:inst6|lpm_counter:lpm_counter_component|cntr_nth:auto_generated|safe_q[18]'
                Info: Total cell delay = 2.180 ns ( 79.85 % )
                Info: Total interconnect delay = 0.550 ns ( 20.15 % )
            Info: - Longest clock path from clock "CLK" to source register is 2.730 ns
                Info: 1: + IC(0.000 ns) + CELL(1.469 ns) = 1.469 ns; Loc. = PIN_16; Fanout = 19; CLK Node = 'CLK'
                Info: 2: + IC(0.550 ns) + CELL(0.711 ns) = 2.730 ns; Loc. = LC_X6_Y5_N1; Fanout = 3; REG Node = 'lpm_counter0:inst6|lpm_counter:lpm_counter_component|cntr_nth:auto_generated|safe_q[1]'
                Info: Total cell delay = 2.180 ns ( 79.85 % )
                Info: Total interconnect delay = 0.550 ns ( 20.15 % )
        Info: + Micro clock to output delay of source is 0.224 ns
        Info: + Micro setup delay of destination is 0.037 ns
Info: No valid register-to-register data paths exist for clock "C"
Info: tsu for register "inst" (data pin = "D", clock pin = "C") is 2.743 ns
    Info: + Longest pin to register delay is 6.852 ns
        Info: 1: + IC(0.000 ns) + CELL(1.475 ns) = 1.475 ns; Loc. = PIN_49; Fanout = 1; PIN Node = 'D'
        Info: 2: + IC(5.068 ns) + CELL(0.309 ns) = 6.852 ns; Loc. = LC_X7_Y4_N4; Fanout = 1; REG Node = 'inst'
        Info: Total cell delay = 1.784 ns ( 26.04 % )
        Info: Total interconnect delay = 5.068 ns ( 73.96 % )
    Info: + Micro setup delay of destination is 0.037 ns
    Info: - Shortest clock path from clock "C" to destination register is 4.146 ns
        Info: 1: + IC(0.000 ns) + CELL(1.475 ns) = 1.475 ns; Loc. = PIN_37; Fanout = 2; CLK Node = 'C'
        Info: 2: + IC(1.960 ns) + CELL(0.711 ns) = 4.146 ns; Loc. = LC_X7_Y4_N4; Fanout = 1; REG Node = 'inst'
        Info: Total cell delay = 2.186 ns ( 52.73 % )
        Info: Total interconnect delay = 1.960 ns ( 47.27 % )
Info: tco from clock "CLK" to destination pin "QT" through register "inst3" is 17.166 ns
    Info: + Longest clock path from clock "CLK" to source register is 11.682 ns
        Info: 1: + IC(0.000 ns) + CELL(1.469 ns) = 1.469 ns; Loc. = PIN_16; Fanout = 19; CLK Node = 'CLK'
        Info: 2: + IC(0.550 ns) + CELL(0.935 ns) = 2.954 ns; Loc. = LC_X6_Y5_N1; Fanout = 3; REG Node = 'lpm_counter0:inst6|lpm_counter:lpm_counter_component|cntr_nth:auto_generated|safe_q[1]'
        Info: 3: + IC(0.529 ns) + CELL(0.564 ns) = 4.047 ns; Loc. = LC_X6_Y5_N1; Fanout = 2; COMB Node = 'lpm_counter0:inst6|lpm_counter:lpm_counter_component|cntr_nth:auto_generated|counter_cella1~COUT'
        Info: 4: + IC(0.000 ns) + CELL(0.078 ns) = 4.125 ns; Loc. = LC_X6_Y5_N2; Fanout = 2; COMB Node = 'lpm_counter0:inst6|lpm_counter:lpm_counter_component|cntr_nth:auto_generated|counter_cella2~COUT'
        Info: 5: + IC(0.000 ns) + CELL(0.078 ns) = 4.203 ns; Loc. = LC_X6_Y5_N3; Fanout = 2; COMB Node = 'lpm_counter0:inst6|lpm_counter:lpm_counter_component|cntr_nth:auto_generated|counter_cella3~COUT'
        Info: 6: + IC(0.000 ns) + CELL(0.178 ns) = 4.381 ns; Loc. = LC_X6_Y5_N4; Fanout = 6; COMB Node = 'lpm_counter0:inst6|lpm_counter:lpm_counter_component|cntr_nth:auto_generated|counter_cella4~COUT'
        Info: 7: + IC(0.000 ns) + CELL(0.208 ns) = 4.589 ns; Loc. = LC_X6_Y5_N9; Fanout = 6; COMB Node = 'lpm_counter0:inst6|lpm_counter:lpm_counter_component|cntr_nth:auto_generated|counter_cella9~COUT'
        Info: 8: + IC(0.000 ns) + CELL(0.136 ns) = 4.725 ns; Loc. = LC_X6_Y4_N4; Fanout = 5; COMB Node = 'lpm_counter0:inst6|lpm_counter:lpm_counter_component|cntr_nth:auto_generated|counter_cella14~COUT'
        Info: 9: + IC(0.000 ns) + CELL(0.621 ns) = 5.346 ns; Loc. = LC_X6_Y4_N9; Fanout = 1; COMB Node = 'lpm_counter0:inst6|lpm_counter:lpm_counter_component|cntr_nth:auto_generated|cout'
        Info: 10: + IC(0.727 ns) + CELL(0.935 ns) = 7.008 ns; Loc. = LC_X7_Y4_N2; Fanout = 2; REG Node = 'inst8'
        Info: 11: + IC(3.963 ns) + CELL(0.711 ns) = 11.682 ns; Loc. = LC_X9_Y1_N3; Fanout = 2; REG Node = 'inst3'
        Info: Total cell delay = 5.913 ns ( 50.62 % )
        Info: Total interconnect delay = 5.769 ns ( 49.38 % )
    Info: + Micro clock to output delay of source is 0.224 ns
    Info: + Longest register to pin delay is 5.260 ns
        Info: 1: + IC(0.000 ns) + CELL(0.000 ns) = 0.000 ns; Loc. = LC_X9_Y1_N3; Fanout = 2; REG Node = 'inst3'
        Info: 2: + IC(3.152 ns) + CELL(2.108 ns) = 5.260 ns; Loc. = PIN_127; Fanout = 0; PIN Node = 'QT'
        Info: Total cell delay = 2.108 ns ( 40.08 % )
        Info: Total interconnect delay = 3.152 ns ( 59.92 % )
Info: th for register "inst11" (data pin = "K", clock pin = "CLK") is 4.643 ns
    Info: + Longest clock path from clock "CLK" to destination register is 11.697 ns
        Info: 1: + IC(0.000 ns) + CELL(1.469 ns) = 1.469 ns; Loc. = PIN_16; Fanout = 19; CLK Node = 'CLK'
        Info: 2: + IC(0.550 ns) + CELL(0.935 ns) = 2.954 ns; Loc. = LC_X6_Y5_N1; Fanout = 3; REG Node = 'lpm_counter0:inst6|lpm_counter:lpm_counter_component|cntr_nth:auto_generated|safe_q[1]'
        Info: 3: + IC(0.529 ns) + CELL(0.564 ns) = 4.047 ns; Loc. = LC_X6_Y5_N1; Fanout = 2; COMB Node = 'lpm_counter0:inst6|lpm_counter:lpm_counter_component|cntr_nth:auto_generated|counter_cella1~COUT'
        Info: 4: + IC(0.000 ns) + CELL(0.078 ns) = 4.125 ns; Loc. = LC_X6_Y5_N2; Fanout = 2; COMB Node = 'lpm_counter0:inst6|lpm_counter:lpm_counter_component|cntr_nth:auto_generated|counter_cella2~COUT'
        Info: 5: + IC(0.000 ns) + CELL(0.078 ns) = 4.203 ns; Loc. = LC_X6_Y5_N3; Fanout = 2; COMB Node = 'lpm_counter0:inst6|lpm_counter:lpm_counter_component|cntr_nth:auto_generated|counter_cella3~COUT'
        Info: 6: + IC(0.000 ns) + CELL(0.178 ns) = 4.381 ns; Loc. = LC_X6_Y5_N4; Fanout = 6; COMB Node = 'lpm_counter0:inst6|lpm_counter:lpm_counter_component|cntr_nth:auto_generated|counter_cella4~COUT'
        Info: 7: + IC(0.000 ns) + CELL(0.208 ns) = 4.589 ns; Loc. = LC_X6_Y5_N9; Fanout = 6; COMB Node = 'lpm_counter0:inst6|lpm_counter:lpm_counter_component|cntr_nth:auto_generated|counter_cella9~COUT'
        Info: 8: + IC(0.000 ns) + CELL(0.136 ns) = 4.725 ns; Loc. = LC_X6_Y4_N4; Fanout = 5; COMB Node = 'lpm_counter0:inst6|lpm_counter:lpm_counter_component|cntr_nth:auto_generated|counter_cella14~COUT'
        Info: 9: + IC(0.000 ns) + CELL(0.621 ns) = 5.346 ns; Loc. = LC_X6_Y4_N9; Fanout = 1; COMB Node = 'lpm_counter0:inst6|lpm_counter:lpm_counter_component|cntr_nth:auto_generated|cout'
        Info: 10: + IC(0.727 ns) + CELL(0.935 ns) = 7.008 ns; Loc. = LC_X7_Y4_N2; Fanout = 2; REG Node = 'inst8'
        Info: 11: + IC(3.978 ns) + CELL(0.711 ns) = 11.697 ns; Loc. = LC_X20_Y1_N3; Fanout = 2; REG Node = 'inst11'
        Info: Total cell delay = 5.913 ns ( 50.55 % )
        Info: Total interconnect delay = 5.784 ns ( 49.45 % )
    Info: + Micro hold delay of destination is 0.015 ns
    Info: - Shortest pin to register delay is 7.069 ns
        Info: 1: + IC(0.000 ns) + CELL(1.475 ns) = 1.475 ns; Loc. = PIN_68; Fanout = 1; PIN Node = 'K'
        Info: 2: + IC(4.987 ns) + CELL(0.607 ns) = 7.069 ns; Loc. = LC_X20_Y1_N3; Fanout = 2; REG Node = 'inst11'
        Info: Total cell delay = 2.082 ns ( 29.45 % )
        Info: Total interconnect delay = 4.987 ns ( 70.55 % )
Info: Quartus II Classic Timing Analyzer was successful. 0 errors, 2 warnings
    Info: Peak virtual memory: 177 megabytes
    Info: Processing ended: Fri Mar 13 12:45:50 2026
    Info: Elapsed time: 00:00:00
    Info: Total CPU time (on all processors): 00:00:00


